#
# A fatal error has been detected by the Java Runtime Environment:
#
#  EXCEPTION_ACCESS_VIOLATION (0xc0000005) at pc=0x00000001c48df09b, pid=9688, tid=10868
#
# JRE version: Java(TM) SE Runtime Environment (7.0_75-b13) (build 1.7.0_75-b13)
# Java VM: Java HotSpot(TM) 64-Bit Server VM (24.75-b04 mixed mode windows-amd64 compressed oops)
# Problematic frame:
# C  0x00000001c48df09b
#
# Failed to write core dump. Minidumps are not enabled by default on client versions of Windows
#
# If you would like to submit a bug report, please visit:
#   http://bugreport.sun.com/bugreport/crash.jsp
# The crash happened outside the Java Virtual Machine in native code.
# See problematic frame for where to report the bug.
#

---------------  T H R E A D  ---------------

Current thread (0x000000000f3c2800):  JavaThread "pool-1-thread-1" [_thread_in_native, id=10868, stack(0x000000000e080000,0x000000000e180000)]

siginfo: ExceptionCode=0xc0000005, ExceptionInformation=0x0000000000000008 0x00000001c48df09b

Registers:
RAX=0x0000000000000000, RBX=0x000000000f3c29e8, RCX=0x000000000075c560, RDX=0x000000000e17b6d8
RSP=0x000000000e17b6e0, RBP=0x0000000000000000, RSI=0x000000000fdee0c8, RDI=0x0000000000000000
R8 =0x000000018006eb38, R9 =0x0000000000008000, R10=0x0000000073456f80, R11=0x0000000073456f80
R12=0x000000000fded098, R13=0x000000000e17b8f8, R14=0x0000000002558300, R15=0x000000000000000a
RIP=0x00000001c48df09b, EFLAGS=0x0000000000010202

Top of Stack: (sp=0x000000000e17b6e0)
0x000000000e17b6e0:   0000000000000000 000000000e170028
0x000000000e17b6f0:   fffffffffffffffe 0000000072e82ef5
0x000000000e17b700:   000000000f3c29e8 000000018002dbf2
0x000000000e17b710:   000000018006eac0 000000000075c560
0x000000000e17b720:   00000000020d7720 00000000020d7720
0x000000000e17b730:   000000000f3c2800 0000000000000000
0x000000000e17b740:   fffffffffffffffe 000000000fded098
0x000000000e17b750:   0000000002558300 000000018002db42
0x000000000e17b760:   000000000075c560 000000000075c560
0x000000000e17b770:   000000000f3c29e8 00000000735a8d94
0x000000000e17b780:   000000000f316b70 000000000f316730
0x000000000e17b790:   000000000fdee0c8 000000000f316b70
0x000000000e17b7a0:   000000000f3c29e8 0000000072ce3702
0x000000000e17b7b0:   000000000075c560 000000000f3c29e8
0x000000000e17b7c0:   000000000f316b70 000000000fdee0c8
0x000000000e17b7d0:   0000000700000005 000000000075c560 

Instructions: (pc=0x00000001c48df09b)
0x00000001c48df07b:   
[error occurred during error reporting (printing registers, top of stack, instructions near pc), id 0xc0000005]

Register to memory mapping:

RAX=0x0000000000000000 is an unknown value
RBX=0x000000000f3c29e8 is an unknown value
RCX=0x000000000075c560 is an unknown value
RDX=0x000000000e17b6d8 is pointing into the stack for thread: 0x000000000f3c2800
RSP=0x000000000e17b6e0 is pointing into the stack for thread: 0x000000000f3c2800
RBP=0x0000000000000000 is an unknown value
RSI=0x000000000fdee0c8 is an unknown value
RDI=0x0000000000000000 is an unknown value
R8 =0x000000018006eb38 is an unknown value
R9 =0x0000000000008000 is an unknown value
R10=0x0000000073456f80 is an unknown value
R11=0x0000000073456f80 is an unknown value
R12=0x000000000fded098 is an unknown value
R13=0x000000000e17b8f8 is pointing into the stack for thread: 0x000000000f3c2800
R14=0x0000000002558300 is an unknown value
R15=0x000000000000000a is an unknown value


Stack: [0x000000000e080000,0x000000000e180000],  sp=0x000000000e17b6e0,  free space=1005k
Native frames: (J=compiled Java code, j=interpreted, Vv=VM code, C=native code)
C  0x00000001c48df09b

[error occurred during error reporting (printing native stack), id 0xc0000005]

Java frames: (J=compiled Java code, j=interpreted, Vv=VM code)
j  java.net.Inet6AddressImpl.lookupAllHostAddr(Ljava/lang/String;)[Ljava/net/InetAddress;+0
j  java.net.InetAddress$1.lookupAllHostAddr(Ljava/lang/String;)[Ljava/net/InetAddress;+4
j  java.net.InetAddress.getAddressesFromNameService(Ljava/lang/String;Ljava/net/InetAddress;)[Ljava/net/InetAddress;+51
j  java.net.InetAddress.getLocalHost()Ljava/net/InetAddress;+90
j  javax.crypto.JarVerifier.getSystemEntropy()[B+86
j  javax.crypto.JarVerifier.testSignatures(Ljava/security/cert/X509Certificate;Ljava/security/cert/CertificateFactory;)V+3
j  javax.crypto.JarVerifier.access$400(Ljava/security/cert/X509Certificate;Ljava/security/cert/CertificateFactory;)V+2
j  javax.crypto.JarVerifier$1.run()Ljava/lang/Void;+71
j  javax.crypto.JarVerifier$1.run()Ljava/lang/Object;+1
v  ~StubRoutines::call_stub
j  java.security.AccessController.doPrivileged(Ljava/security/PrivilegedExceptionAction;)Ljava/lang/Object;+0
j  javax.crypto.JarVerifier.<clinit>()V+7
v  ~StubRoutines::call_stub
j  javax.crypto.JceSecurity.loadPolicies(Ljava/io/File;Ljavax/crypto/CryptoPermissions;Ljavax/crypto/CryptoPermissions;)V+146
j  javax.crypto.JceSecurity.setupJurisdictionPolicies()V+130
j  javax.crypto.JceSecurity.access$000()V+0
j  javax.crypto.JceSecurity$1.run()Ljava/lang/Object;+0
v  ~StubRoutines::call_stub
j  java.security.AccessController.doPrivileged(Ljava/security/PrivilegedExceptionAction;)Ljava/lang/Object;+0
j  javax.crypto.JceSecurity.<clinit>()V+49
v  ~StubRoutines::call_stub
j  javax.crypto.KeyAgreement.getInstance(Ljava/lang/String;)Ljavax/crypto/KeyAgreement;+37
j  sun.security.ssl.JsseJce.getKeyAgreement(Ljava/lang/String;)Ljavax/crypto/KeyAgreement;+7
j  sun.security.ssl.JsseJce.isEcAvailable()Z+20
j  sun.security.ssl.CipherSuite$KeyExchange.isAvailable()Z+28
j  sun.security.ssl.CipherSuite.isAvailable()Z+11
j  sun.security.ssl.SSLContextImpl.getApplicableCipherSuiteList(Lsun/security/ssl/ProtocolList;Z)Lsun/security/ssl/CipherSuiteList;+105
j  sun.security.ssl.SSLContextImpl.getDefaultCipherSuiteList(Z)Lsun/security/ssl/CipherSuiteList;+55
j  sun.security.ssl.SSLSocketImpl.init(Lsun/security/ssl/SSLContextImpl;Z)V+88
j  sun.security.ssl.SSLSocketImpl.<init>(Lsun/security/ssl/SSLContextImpl;Ljava/net/Socket;Ljava/lang/String;IZ)V+105
j  sun.security.ssl.SSLSocketFactoryImpl.createSocket(Ljava/net/Socket;Ljava/lang/String;IZ)Ljava/net/Socket;+13
j  org.apache.http.conn.ssl.SSLConnectionSocketFactory.createLayeredSocket(Ljava/net/Socket;Ljava/lang/String;ILorg/apache/http/protocol/HttpContext;)Ljava/net/Socket;+8
j  org.apache.http.conn.ssl.SSLConnectionSocketFactory.connectSocket(ILjava/net/Socket;Lorg/apache/http/HttpHost;Ljava/net/InetSocketAddress;Ljava/net/InetSocketAddress;Lorg/apache/http/protocol/HttpContext;)Ljava/net/Socket;+116
j  org.apache.http.impl.conn.HttpClientConnectionOperator.connect(Lorg/apache/http/conn/ManagedHttpClientConnection;Lorg/apache/http/HttpHost;Ljava/net/InetSocketAddress;ILorg/apache/http/config/SocketConfig;Lorg/apache/http/protocol/HttpContext;)V+226
j  org.apache.http.impl.conn.PoolingHttpClientConnectionManager.connect(Lorg/apache/http/HttpClientConnection;Lorg/apache/http/conn/routing/HttpRoute;ILorg/apache/http/protocol/HttpContext;)V+127
j  org.apache.http.impl.execchain.MainClientExec.establishRoute(Lorg/apache/http/auth/AuthState;Lorg/apache/http/HttpClientConnection;Lorg/apache/http/conn/routing/HttpRoute;Lorg/apache/http/HttpRequest;Lorg/apache/http/client/protocol/HttpClientContext;)V+107
j  org.apache.http.impl.execchain.MainClientExec.execute(Lorg/apache/http/conn/routing/HttpRoute;Lorg/apache/http/client/methods/HttpRequestWrapper;Lorg/apache/http/client/protocol/HttpClientContext;Lorg/apache/http/client/methods/HttpExecutionAware;)Lorg/apache/http/client/methods/CloseableHttpResponse;+438
j  org.apache.http.impl.execchain.ProtocolExec.execute(Lorg/apache/http/conn/routing/HttpRoute;Lorg/apache/http/client/methods/HttpRequestWrapper;Lorg/apache/http/client/protocol/HttpClientContext;Lorg/apache/http/client/methods/HttpExecutionAware;)Lorg/apache/http/client/methods/CloseableHttpResponse;+436
j  org.apache.http.impl.execchain.RetryExec.execute(Lorg/apache/http/conn/routing/HttpRoute;Lorg/apache/http/client/methods/HttpRequestWrapper;Lorg/apache/http/client/protocol/HttpClientContext;Lorg/apache/http/client/methods/HttpExecutionAware;)Lorg/apache/http/client/methods/CloseableHttpResponse;+39
j  org.apache.http.impl.execchain.RedirectExec.execute(Lorg/apache/http/conn/routing/HttpRoute;Lorg/apache/http/client/methods/HttpRequestWrapper;Lorg/apache/http/client/protocol/HttpClientContext;Lorg/apache/http/client/methods/HttpExecutionAware;)Lorg/apache/http/client/methods/CloseableHttpResponse;+85
j  org.apache.http.impl.client.InternalHttpClient.doExecute(Lorg/apache/http/HttpHost;Lorg/apache/http/HttpRequest;Lorg/apache/http/protocol/HttpContext;)Lorg/apache/http/client/methods/CloseableHttpResponse;+167
j  org.apache.http.impl.client.CloseableHttpClient.execute(Lorg/apache/http/client/methods/HttpUriRequest;Lorg/apache/http/protocol/HttpContext;)Lorg/apache/http/client/methods/CloseableHttpResponse;+14
j  org.apache.maven.wagon.providers.http.AbstractHttpClientWagon.execute(Lorg/apache/http/client/methods/HttpUriRequest;)Lorg/apache/http/client/methods/CloseableHttpResponse;+426
j  org.apache.maven.wagon.providers.http.AbstractHttpClientWagon.fillInputData(ILorg/apache/maven/wagon/InputData;)V+181
j  org.apache.maven.wagon.providers.http.AbstractHttpClientWagon.fillInputData(Lorg/apache/maven/wagon/InputData;)V+6
j  org.apache.maven.wagon.StreamWagon.getInputStream(Lorg/apache/maven/wagon/resource/Resource;)Ljava/io/InputStream;+15
j  org.apache.maven.wagon.StreamWagon.getIfNewer(Ljava/lang/String;Ljava/io/File;J)Z+29
j  org.apache.maven.wagon.StreamWagon.get(Ljava/lang/String;Ljava/io/File;)V+4
j  org.sonatype.aether.connector.wagon.WagonRepositoryConnector$GetTask.run()V+285
j  org.sonatype.aether.util.concurrency.RunnableErrorForwarder$1.run()V+4
j  java.util.concurrent.ThreadPoolExecutor.runWorker(Ljava/util/concurrent/ThreadPoolExecutor$Worker;)V+95
j  java.util.concurrent.ThreadPoolExecutor$Worker.run()V+5
j  java.lang.Thread.run()V+11
v  ~StubRoutines::call_stub

---------------  P R O C E S S  ---------------

Java Threads: ( => current thread )
=>0x000000000f3c2800 JavaThread "pool-1-thread-1" [_thread_in_native, id=10868, stack(0x000000000e080000,0x000000000e180000)]
  0x000000000cdf6800 JavaThread "Service Thread" daemon [_thread_blocked, id=32, stack(0x000000000d5c0000,0x000000000d6c0000)]
  0x000000000cdf2800 JavaThread "C2 CompilerThread1" daemon [_thread_blocked, id=736, stack(0x000000000d4c0000,0x000000000d5c0000)]
  0x000000000262e000 JavaThread "C2 CompilerThread0" daemon [_thread_blocked, id=10456, stack(0x000000000d3c0000,0x000000000d4c0000)]
  0x000000000262d000 JavaThread "Attach Listener" daemon [_thread_blocked, id=12232, stack(0x000000000d2c0000,0x000000000d3c0000)]
  0x0000000002628800 JavaThread "Signal Dispatcher" daemon [_thread_blocked, id=10060, stack(0x000000000d1c0000,0x000000000d2c0000)]
  0x000000000adc1000 JavaThread "Finalizer" daemon [_thread_blocked, id=5620, stack(0x000000000ccc0000,0x000000000cdc0000)]
  0x000000000adba800 JavaThread "Reference Handler" daemon [_thread_blocked, id=12180, stack(0x000000000cbc0000,0x000000000ccc0000)]
  0x000000000208e000 JavaThread "main" [_thread_blocked, id=9844, stack(0x0000000002430000,0x0000000002530000)]

Other Threads:
  0x000000000adb6000 VMThread [stack: 0x000000000cac0000,0x000000000cbc0000] [id=5052]
  0x000000000ce14000 WatcherThread [stack: 0x000000000d6c0000,0x000000000d7c0000] [id=216]

VM state:not at safepoint (normal execution)

VM Mutex/Monitor currently owned by a thread: None

Heap
 PSYoungGen      total 71680K, used 59113K [0x00000007d5c00000, 0x00000007da700000, 0x0000000800000000)
  eden space 66560K, 81% used [0x00000007d5c00000,0x00000007d90bc4a8,0x00000007d9d00000)
  from space 5120K, 99% used [0x00000007da200000,0x00000007da6fe030,0x00000007da700000)
  to   space 5120K, 0% used [0x00000007d9d00000,0x00000007d9d00000,0x00000007da200000)
 ParOldGen       total 86528K, used 3833K [0x0000000781400000, 0x0000000786880000, 0x00000007d5c00000)
  object space 86528K, 4% used [0x0000000781400000,0x00000007817be6f0,0x0000000786880000)
 PSPermGen       total 21504K, used 21064K [0x000000077c200000, 0x000000077d700000, 0x0000000781400000)
  object space 21504K, 97% used [0x000000077c200000,0x000000077d692378,0x000000077d700000)

Card table byte_map: [0x00000000056f0000,0x0000000005b10000] byte_map_base: 0x0000000001b0f000

Polling page: 0x00000000009e0000

Code Cache  [0x0000000002630000, 0x00000000028a0000, 0x0000000005630000)
 total_blobs=688 nmethods=379 adapters=261 free_code_cache=47843Kb largest_free_block=48884480

Compilation events (10 events):
Event: 5.167 Thread 0x000000000cdf2800 nmethod 405 0x00000000027462d0 code [0x0000000002746420, 0x0000000002746678]
Event: 5.167 Thread 0x000000000cdf2800  406             java.nio.DirectLongBufferU::get (16 bytes)
Event: 5.168 Thread 0x000000000262e000 nmethod 404 0x0000000002745dd0 code [0x0000000002745f20, 0x0000000002746178]
Event: 5.168 Thread 0x000000000cdf2800 nmethod 406 0x00000000026b3dd0 code [0x00000000026b3f00, 0x00000000026b3f98]
Event: 5.168 Thread 0x000000000cdf2800  407             java.nio.DirectLongBufferU::put (18 bytes)
Event: 5.169 Thread 0x000000000cdf2800 nmethod 407 0x00000000026ef8d0 code [0x00000000026efa00, 0x00000000026efa98]
Event: 5.208 Thread 0x000000000262e000  408             java.util.Arrays::equals (54 bytes)
Event: 5.211 Thread 0x000000000262e000 nmethod 408 0x00000000026cb2d0 code [0x00000000026cb400, 0x00000000026cb598]
Event: 5.218 Thread 0x000000000cdf2800  409             java.io.ByteArrayOutputStream::ensureCapacity (16 bytes)
Event: 5.220 Thread 0x000000000cdf2800 nmethod 409 0x00000000026caf50 code [0x00000000026cb0a0, 0x00000000026cb1a8]

GC Heap History (4 events):
Event: 1.905 GC heap before
{Heap before GC invocations=1 (full 0):
 PSYoungGen      total 38400K, used 33280K [0x00000007d5c00000, 0x00000007d8680000, 0x0000000800000000)
  eden space 33280K, 100% used [0x00000007d5c00000,0x00000007d7c80000,0x00000007d7c80000)
  from space 5120K, 0% used [0x00000007d8180000,0x00000007d8180000,0x00000007d8680000)
  to   space 5120K, 0% used [0x00000007d7c80000,0x00000007d7c80000,0x00000007d8180000)
 ParOldGen       total 86528K, used 0K [0x0000000781400000, 0x0000000786880000, 0x00000007d5c00000)
  object space 86528K, 0% used [0x0000000781400000,0x0000000781400000,0x0000000786880000)
 PSPermGen       total 21504K, used 10266K [0x000000077c200000, 0x000000077d700000, 0x0000000781400000)
  object space 21504K, 47% used [0x000000077c200000,0x000000077cc06800,0x000000077d700000)
Event: 1.928 GC heap after
Heap after GC invocations=1 (full 0):
 PSYoungGen      total 38400K, used 5117K [0x00000007d5c00000, 0x00000007da700000, 0x0000000800000000)
  eden space 33280K, 0% used [0x00000007d5c00000,0x00000007d5c00000,0x00000007d7c80000)
  from space 5120K, 99% used [0x00000007d7c80000,0x00000007d817f690,0x00000007d8180000)
  to   space 5120K, 0% used [0x00000007da200000,0x00000007da200000,0x00000007da700000)
 ParOldGen       total 86528K, used 2128K [0x0000000781400000, 0x0000000786880000, 0x00000007d5c00000)
  object space 86528K, 2% used [0x0000000781400000,0x00000007816140f8,0x0000000786880000)
 PSPermGen       total 21504K, used 10266K [0x000000077c200000, 0x000000077d700000, 0x0000000781400000)
  object space 21504K, 47% used [0x000000077c200000,0x000000077cc06800,0x000000077d700000)
}
Event: 3.488 GC heap before
{Heap before GC invocations=2 (full 0):
 PSYoungGen      total 38400K, used 38397K [0x00000007d5c00000, 0x00000007da700000, 0x0000000800000000)
  eden space 33280K, 100% used [0x00000007d5c00000,0x00000007d7c80000,0x00000007d7c80000)
  from space 5120K, 99% used [0x00000007d7c80000,0x00000007d817f690,0x00000007d8180000)
  to   space 5120K, 0% used [0x00000007da200000,0x00000007da200000,0x00000007da700000)
 ParOldGen       total 86528K, used 2128K [0x0000000781400000, 0x0000000786880000, 0x00000007d5c00000)
  object space 86528K, 2% used [0x0000000781400000,0x00000007816140f8,0x0000000786880000)
 PSPermGen       total 21504K, used 15117K [0x000000077c200000, 0x000000077d700000, 0x0000000781400000)
  object space 21504K, 70% used [0x000000077c200000,0x000000077d0c3598,0x000000077d700000)
Event: 3.512 GC heap after
Heap after GC invocations=2 (full 0):
 PSYoungGen      total 71680K, used 5112K [0x00000007d5c00000, 0x00000007da700000, 0x0000000800000000)
  eden space 66560K, 0% used [0x00000007d5c00000,0x00000007d5c00000,0x00000007d9d00000)
  from space 5120K, 99% used [0x00000007da200000,0x00000007da6fe030,0x00000007da700000)
  to   space 5120K, 0% used [0x00000007d9d00000,0x00000007d9d00000,0x00000007da200000)
 ParOldGen       total 86528K, used 3833K [0x0000000781400000, 0x0000000786880000, 0x00000007d5c00000)
  object space 86528K, 4% used [0x0000000781400000,0x00000007817be6f0,0x0000000786880000)
 PSPermGen       total 21504K, used 15117K [0x000000077c200000, 0x000000077d700000, 0x0000000781400000)
  object space 21504K, 70% used [0x000000077c200000,0x000000077d0c3598,0x000000077d700000)
}

Deoptimization events (10 events):
Event: 4.832 Thread 0x000000000208e000 Uncommon trap: reason=unreached action=reinterpret pc=0x0000000002717fa4 method=java.lang.reflect.Method.equals(Ljava/lang/Object;)Z @ 49
Event: 4.832 Thread 0x000000000208e000 Uncommon trap: reason=unreached action=reinterpret pc=0x0000000002711528 method=java.lang.reflect.Method.equals(Ljava/lang/Object;)Z @ 49
Event: 4.859 Thread 0x000000000208e000 Uncommon trap: reason=unreached action=reinterpret pc=0x00000000026f10e8 method=java.net.URL.<init>(Ljava/net/URL;Ljava/lang/String;Ljava/net/URLStreamHandler;)V @ 391
Event: 5.040 Thread 0x000000000208e000 Uncommon trap: reason=bimorphic action=maybe_recompile pc=0x000000000272e42c method=java.util.regex.Matcher.match(II)Z @ 86
Event: 5.044 Thread 0x000000000208e000 Uncommon trap: reason=bimorphic action=maybe_recompile pc=0x000000000272e42c method=java.util.regex.Matcher.match(II)Z @ 86
Event: 5.048 Thread 0x000000000208e000 Uncommon trap: reason=bimorphic action=maybe_recompile pc=0x000000000272e42c method=java.util.regex.Matcher.match(II)Z @ 86
Event: 5.049 Thread 0x000000000208e000 Uncommon trap: reason=bimorphic action=maybe_recompile pc=0x000000000272e42c method=java.util.regex.Matcher.match(II)Z @ 86
Event: 5.064 Thread 0x000000000208e000 Uncommon trap: reason=unreached action=reinterpret pc=0x000000000276db1c method=java.lang.Integer.parseInt(Ljava/lang/String;I)I @ 1
Event: 5.208 Thread 0x000000000f3c2800 Uncommon trap: reason=bimorphic action=maybe_recompile pc=0x00000000026bddfc method=java.lang.ThreadLocal.set(Ljava/lang/Object;)V @ 6
Event: 5.209 Thread 0x000000000f3c2800 Uncommon trap: reason=bimorphic action=maybe_recompile pc=0x00000000026bddfc method=java.lang.ThreadLocal.set(Ljava/lang/Object;)V @ 6

Internal exceptions (10 events):
Event: 5.161 Thread 0x000000000f3c2800 Threw 0x00000007d8f9e9c0 at C:\re\jdk7u75\1940\hotspot\src\share\vm\prims\jvm.cpp:1281
Event: 5.162 Thread 0x000000000f3c2800 Threw 0x00000007d8fa4210 at C:\re\jdk7u75\1940\hotspot\src\share\vm\prims\jvm.cpp:1281
Event: 5.163 Thread 0x000000000f3c2800 Threw 0x00000007d8fa9818 at C:\re\jdk7u75\1940\hotspot\src\share\vm\prims\jvm.cpp:1281
Event: 5.164 Thread 0x000000000f3c2800 Threw 0x00000007d8fb0d30 at C:\re\jdk7u75\1940\hotspot\src\share\vm\prims\jvm.cpp:1281
Event: 5.166 Thread 0x000000000f3c2800 Threw 0x00000007d8fb5570 at C:\re\jdk7u75\1940\hotspot\src\share\vm\prims\jvm.cpp:1281
Event: 5.181 Thread 0x000000000f3c2800 Threw 0x00000007d8fe44a0 at C:\re\jdk7u75\1940\hotspot\src\share\vm\prims\jvm.cpp:1281
Event: 5.181 Thread 0x000000000f3c2800 Threw 0x00000007d8fe8c60 at C:\re\jdk7u75\1940\hotspot\src\share\vm\prims\jvm.cpp:1281
Event: 5.183 Thread 0x000000000f3c2800 Threw 0x00000007d8feb0b0 at C:\re\jdk7u75\1940\hotspot\src\share\vm\prims\jvm.cpp:1281
Event: 5.185 Thread 0x000000000f3c2800 Threw 0x00000007d8ff0ee0 at C:\re\jdk7u75\1940\hotspot\src\share\vm\prims\jvm.cpp:1281
Event: 5.186 Thread 0x000000000f3c2800 Threw 0x00000007d8ff4438 at C:\re\jdk7u75\1940\hotspot\src\share\vm\prims\jvm.cpp:1281

Events (10 events):
Event: 5.214 loading class 0x000000000f6452e0
Event: 5.215 loading class 0x000000000f6452e0 done
Event: 5.215 loading class 0x000000000f648060
Event: 5.215 loading class 0x000000000f648060 done
Event: 5.219 loading class 0x000000000fab0970
Event: 5.219 loading class 0x000000000fab0970 done
Event: 5.219 loading class 0x000000000f6492f0
Event: 5.220 loading class 0x000000000f6492f0 done
Event: 5.220 loading class 0x000000000f649280
Event: 5.220 loading class 0x000000000f649280 done


Dynamic libraries:
0x00007ff6bb300000 - 0x00007ff6bb333000 	C:\Program Files\Java\jdk1.7.0_75\bin\java.exe
0x00007ffed4320000 - 0x00007ffed44cc000 	C:\Windows\SYSTEM32\ntdll.dll
0x00007ffed3be0000 - 0x00007ffed3d1e000 	C:\Windows\system32\KERNEL32.DLL
0x00007ffed1880000 - 0x00007ffed1995000 	C:\Windows\system32\KERNELBASE.dll
0x00007ffece4a0000 - 0x00007ffece52e000 	C:\Windows\system32\apphelp.dll
0x00007ffec48a0000 - 0x00007ffec48f3000 	C:\Windows\AppPatch\AppPatch64\AcGenral.DLL
0x00007ffed41b0000 - 0x00007ffed425a000 	C:\Windows\system32\msvcrt.dll
0x00007ffed12a0000 - 0x00007ffed12ce000 	C:\Windows\SYSTEM32\SspiCli.dll
0x00007ffed3d60000 - 0x00007ffed3db4000 	C:\Windows\system32\SHLWAPI.dll
0x00007ffed33f0000 - 0x00007ffed3567000 	C:\Windows\system32\USER32.dll
0x00007ffed3a20000 - 0x00007ffed3bb4000 	C:\Windows\system32\ole32.dll
0x00007ffed1af0000 - 0x00007ffed3008000 	C:\Windows\system32\SHELL32.dll
0x00007ffed0a70000 - 0x00007ffed0a91000 	C:\Windows\SYSTEM32\USERENV.dll
0x00007ffed38a0000 - 0x00007ffed394a000 	C:\Windows\system32\ADVAPI32.dll
0x00007ffec8e70000 - 0x00007ffec8e8e000 	C:\Windows\SYSTEM32\MPR.dll
0x00007ffed19a0000 - 0x00007ffed1ae1000 	C:\Windows\system32\RPCRT4.dll
0x00007ffed3fa0000 - 0x00007ffed3ff9000 	C:\Windows\SYSTEM32\sechost.dll
0x00007ffed31d0000 - 0x00007ffed33e1000 	C:\Windows\SYSTEM32\combase.dll
0x00007ffed3570000 - 0x00007ffed36c1000 	C:\Windows\system32\GDI32.dll
0x00007ffed1470000 - 0x00007ffed1485000 	C:\Windows\SYSTEM32\profapi.dll
0x00007ffecfdd0000 - 0x00007ffecfe82000 	C:\Windows\SYSTEM32\SHCORE.dll
0x00007ffed3d20000 - 0x00007ffed3d56000 	C:\Windows\system32\IMM32.DLL
0x00007ffed3010000 - 0x00007ffed3162000 	C:\Windows\system32\MSCTF.dll
0x00007ffecf720000 - 0x00007ffecf99b000 	C:\Windows\WinSxS\amd64_microsoft.windows.common-controls_6595b64144ccf1df_6.0.9600.17784_none_624760d1ecb7236e\COMCTL32.dll
0x0000000073540000 - 0x0000000073612000 	C:\Program Files\Java\jdk1.7.0_75\jre\bin\msvcr100.dll
0x0000000072d60000 - 0x0000000073534000 	C:\Program Files\Java\jdk1.7.0_75\jre\bin\server\jvm.dll
0x00007ffecfcf0000 - 0x00007ffecfcf9000 	C:\Windows\SYSTEM32\WSOCK32.dll
0x00007ffecf9a0000 - 0x00007ffecf9c2000 	C:\Windows\SYSTEM32\WINMM.dll
0x00007ffed3820000 - 0x00007ffed3827000 	C:\Windows\system32\PSAPI.DLL
0x00007ffed3170000 - 0x00007ffed31ca000 	C:\Windows\system32\WS2_32.dll
0x00007ffecf6b0000 - 0x00007ffecf6da000 	C:\Windows\SYSTEM32\WINMMBASE.dll
0x00007ffed3bd0000 - 0x00007ffed3bd9000 	C:\Windows\system32\NSI.dll
0x00007ffed1540000 - 0x00007ffed158f000 	C:\Windows\SYSTEM32\cfgmgr32.dll
0x00007ffed0210000 - 0x00007ffed0238000 	C:\Windows\SYSTEM32\DEVOBJ.dll
0x0000000072d50000 - 0x0000000072d5f000 	C:\Program Files\Java\jdk1.7.0_75\jre\bin\verify.dll
0x0000000072d20000 - 0x0000000072d48000 	C:\Program Files\Java\jdk1.7.0_75\jre\bin\java.dll
0x0000000072d00000 - 0x0000000072d15000 	C:\Program Files\Java\jdk1.7.0_75\jre\bin\zip.dll
0x0000000072ce0000 - 0x0000000072cf9000 	C:\Program Files\Java\jdk1.7.0_75\jre\bin\net.dll
0x0000000180000000 - 0x0000000180078000 	C:\Windows\system32\ASProxy64.dll
0x00007ffed0ce0000 - 0x00007ffed0d39000 	C:\Windows\SYSTEM32\MSWSOCK.dll
0x00007ffed04c0000 - 0x00007ffed04ea000 	C:\Windows\SYSTEM32\IPHLPAPI.DLL
0x00007ffed3750000 - 0x00007ffed3811000 	C:\Windows\system32\OLEAUT32.dll
0x00007ffed04b0000 - 0x00007ffed04ba000 	C:\Windows\SYSTEM32\VERSION.dll
0x00007ffed04a0000 - 0x00007ffed04aa000 	C:\Windows\SYSTEM32\WINNSI.DLL
0x00007ffed0260000 - 0x00007ffed026b000 	C:\Windows\SYSTEM32\kernel.appcore.dll
0x00007ffed1340000 - 0x00007ffed134b000 	C:\Windows\SYSTEM32\CRYPTBASE.dll
0x00007ffed12d0000 - 0x00007ffed1333000 	C:\Windows\SYSTEM32\bcryptPrimitives.dll
0x00007ffed0090000 - 0x00007ffed01b9000 	C:\Windows\system32\uxtheme.dll
0x00007ffed4260000 - 0x00007ffed4316000 	C:\Windows\SYSTEM32\clbcatq.dll
0x00007ffed0d40000 - 0x00007ffed0d60000 	C:\Windows\SYSTEM32\CRYPTSP.dll
0x00007ffed0960000 - 0x00007ffed0996000 	C:\Windows\system32\rsaenh.dll
0x00007ffed0f90000 - 0x00007ffed0fb6000 	C:\Windows\SYSTEM32\bcrypt.dll
0x00007ffed1350000 - 0x00007ffed13e9000 	C:\Windows\SYSTEM32\sxs.dll
0x0000000072cc0000 - 0x0000000072cd1000 	C:\Program Files\Java\jdk1.7.0_75\jre\bin\nio.dll
0x0000000072c90000 - 0x0000000072cb4000 	C:\Program Files\Java\jdk1.7.0_75\jre\bin\sunec.dll
0x0000000072c80000 - 0x0000000072c8b000 	C:\Program Files\Java\jdk1.7.0_75\jre\bin\sunmscapi.dll
0x00007ffed15f0000 - 0x00007ffed17cf000 	C:\Windows\system32\CRYPT32.dll
0x00007ffed1520000 - 0x00007ffed1531000 	C:\Windows\system32\MSASN1.dll
0x00007ffecb100000 - 0x00007ffecb116000 	C:\Windows\SYSTEM32\dhcpcsvc6.DLL
0x00007ffecb190000 - 0x00007ffecb1aa000 	C:\Windows\SYSTEM32\dhcpcsvc.DLL
0x00007ffec8ba0000 - 0x00007ffec8bb5000 	C:\Windows\system32\napinsp.dll
0x00007ffec8b80000 - 0x00007ffec8b9a000 	C:\Windows\system32\pnrpnsp.dll
0x00007ffece810000 - 0x00007ffece82b000 	C:\Windows\system32\NLAapi.dll
0x00007ffed0ae0000 - 0x00007ffed0b84000 	C:\Windows\SYSTEM32\DNSAPI.dll
0x00007ffec88b0000 - 0x00007ffec88bd000 	C:\Windows\System32\winrnr.dll
0x00007ffec8890000 - 0x00007ffec88a4000 	C:\Windows\system32\wshbth.dll
0x00007ffec8880000 - 0x00007ffec888a000 	C:\Windows\System32\rasadhlp.dll
0x00007ffecb040000 - 0x00007ffecb0ab000 	C:\Windows\System32\fwpuclnt.dll
0x00007ffec8ce0000 - 0x00007ffec8e69000 	C:\Windows\SYSTEM32\dbghelp.dll

VM Arguments:
jvm_args: -Dclojure.compile.path=D:\project\parser\karyotype-parser/target/classes -Dleiningen.original.pwd=D:\project\parser\karyotype-parser 
java_command: clojure.main -m leiningen.core.main trampoline run -m clojure.main
Launcher Type: SUN_STANDARD

Environment Variables:
CLASSPATH=C:\Users\Fujimurasaki\.lein\self-installs\leiningen-2.5.1-standalone.jar
PATH=C:\Program Files (x86)\Intel\iCLS Client\;C:\Program Files\Intel\iCLS Client\;C:\Windows\system32;C:\Windows;C:\Windows\System32\Wbem;C:\Windows\System32\WindowsPowerShell\v1.0\;C:\Program Files (x86)\Skype\Phone\;C:\Program Files (x86)\NVIDIA Corporation\PhysX\Common;C:\Program Files\Intel\Intel(R) Management Engine Components\DAL;C:\Program Files (x86)\Intel\Intel(R) Management Engine Components\DAL;C:\Program Files\Intel\Intel(R) Management Engine Components\IPT;C:\Program Files (x86)\Intel\Intel(R) Management Engine Components\IPT;C:\Program Files\Microsoft SQL Server\110\Tools\Binn\;C:\Program Files (x86)\Microsoft SDKs\TypeScript\1.0\;C:\Program Files\Microsoft SQL Server\120\Tools\Binn\;C:\Users\Fujimurasaki\.lein\bin
USERNAME=Fujimurasaki
OS=Windows_NT
PROCESSOR_IDENTIFIER=Intel64 Family 6 Model 60 Stepping 3, GenuineIntel



---------------  S Y S T E M  ---------------

OS: Windows 8.1 , 64 bit Build 9600 

CPU:total 8 (4 cores per cpu, 2 threads per core) family 6 model 60 stepping 3, cmov, cx8, fxsr, mmx, sse, sse2, sse3, ssse3, sse4.1, sse4.2, popcnt, avx, avx2, aes, erms, ht, tsc, tscinvbit

Memory: 4k page, physical 8302828k(3769920k free), swap 12366060k(5885292k free)

vm_info: Java HotSpot(TM) 64-Bit Server VM (24.75-b04) for windows-amd64 JRE (1.7.0_75-b13), built on Dec 18 2014 17:15:01 by "java_re" with unknown MS VC++:1600

time: Sat May 30 14:14:05 2015
elapsed time: 5 seconds

