#
# A fatal error has been detected by the Java Runtime Environment:
#
#  EXCEPTION_ACCESS_VIOLATION (0xc0000005) at pc=0x00000001c48df09b, pid=7856, tid=11204
#
# JRE version: Java(TM) SE Runtime Environment (7.0_75-b13) (build 1.7.0_75-b13)
# Java VM: Java HotSpot(TM) 64-Bit Server VM (24.75-b04 mixed mode windows-amd64 compressed oops)
# Problematic frame:
# C  0x00000001c48df09b
#
# Failed to write core dump. Minidumps are not enabled by default on client versions of Windows
#
# If you would like to submit a bug report, please visit:
#   http://bugreport.sun.com/bugreport/crash.jsp
# The crash happened outside the Java Virtual Machine in native code.
# See problematic frame for where to report the bug.
#

---------------  T H R E A D  ---------------

Current thread (0x000000000f7e6000):  JavaThread "pool-1-thread-1" [_thread_in_native, id=11204, stack(0x000000000e4f0000,0x000000000e5f0000)]

siginfo: ExceptionCode=0xc0000005, ExceptionInformation=0x0000000000000008 0x00000001c48df09b

Registers:
RAX=0x0000000000000000, RBX=0x000000000f7e61e8, RCX=0x000000000087a280, RDX=0x000000000e5eb3b8
RSP=0x000000000e5eb3c0, RBP=0x0000000000000000, RSI=0x000000000cf53968, RDI=0x0000000000000000
R8 =0x000000018006eb38, R9 =0x0000000000008000, R10=0x000000005b5b6f80, R11=0x000000005b5b6f80
R12=0x000000000ffc2758, R13=0x000000000e5eb5d8, R14=0x000000000ad765d0, R15=0x000000000000000a
RIP=0x00000001c48df09b, EFLAGS=0x0000000000010206

Top of Stack: (sp=0x000000000e5eb3c0)
0x000000000e5eb3c0:   0000000000000000 000000000e5e0008
0x000000000e5eb3d0:   fffffffffffffffe 000000005afe2ef5
0x000000000e5eb3e0:   000000000f7e61e8 000000018002dbf2
0x000000000e5eb3f0:   000000018006eac0 000000000087a280
0x000000000e5eb400:   000000000da079e0 000000000da079e0
0x000000000e5eb410:   000000000f7e6000 0000000000000000
0x000000000e5eb420:   fffffffffffffffe 000000000ffc2758
0x000000000e5eb430:   000000000ad765d0 000000018002db42
0x000000000e5eb440:   000000000087a280 000000000087a280
0x000000000e5eb450:   000000000f7e61e8 000000005b708d94
0x000000000e5eb460:   000000000fb30e00 000000000fb30540
0x000000000e5eb470:   000000000cf53968 000000000fb30e00
0x000000000e5eb480:   000000000f7e61e8 000000005ae43702
0x000000000e5eb490:   000000000087a280 000000000f7e61e8
0x000000000e5eb4a0:   000000000fb30e00 000000000cf53968
0x000000000e5eb4b0:   0000000700000005 000000000087a280 

Instructions: (pc=0x00000001c48df09b)
0x00000001c48df07b:   
[error occurred during error reporting (printing registers, top of stack, instructions near pc), id 0xc0000005]

Register to memory mapping:

RAX=0x0000000000000000 is an unknown value
RBX=0x000000000f7e61e8 is an unknown value
RCX=0x000000000087a280 is an unknown value
RDX=0x000000000e5eb3b8 is pointing into the stack for thread: 0x000000000f7e6000
RSP=0x000000000e5eb3c0 is pointing into the stack for thread: 0x000000000f7e6000
RBP=0x0000000000000000 is an unknown value
RSI=0x000000000cf53968 is an unknown value
RDI=0x0000000000000000 is an unknown value
R8 =0x000000018006eb38 is an unknown value
R9 =0x0000000000008000 is an unknown value
R10=0x000000005b5b6f80 is an unknown value
R11=0x000000005b5b6f80 is an unknown value
R12=0x000000000ffc2758 is an unknown value
R13=0x000000000e5eb5d8 is pointing into the stack for thread: 0x000000000f7e6000
R14=0x000000000ad765d0 is an unknown value
R15=0x000000000000000a is an unknown value


Stack: [0x000000000e4f0000,0x000000000e5f0000],  sp=0x000000000e5eb3c0,  free space=1004k
Native frames: (J=compiled Java code, j=interpreted, Vv=VM code, C=native code)
C  0x00000001c48df09b

[error occurred during error reporting (printing native stack), id 0xc0000005]

Java frames: (J=compiled Java code, j=interpreted, Vv=VM code)
j  java.net.Inet6AddressImpl.lookupAllHostAddr(Ljava/lang/String;)[Ljava/net/InetAddress;+0
j  java.net.InetAddress$1.lookupAllHostAddr(Ljava/lang/String;)[Ljava/net/InetAddress;+4
j  java.net.InetAddress.getAddressesFromNameService(Ljava/lang/String;Ljava/net/InetAddress;)[Ljava/net/InetAddress;+51
j  java.net.InetAddress.getLocalHost()Ljava/net/InetAddress;+90
j  javax.crypto.JarVerifier.getSystemEntropy()[B+86
j  javax.crypto.JarVerifier.testSignatures(Ljava/security/cert/X509Certificate;Ljava/security/cert/CertificateFactory;)V+3
j  javax.crypto.JarVerifier.access$400(Ljava/security/cert/X509Certificate;Ljava/security/cert/CertificateFactory;)V+2
j  javax.crypto.JarVerifier$1.run()Ljava/lang/Void;+71
j  javax.crypto.JarVerifier$1.run()Ljava/lang/Object;+1
v  ~StubRoutines::call_stub
j  java.security.AccessController.doPrivileged(Ljava/security/PrivilegedExceptionAction;)Ljava/lang/Object;+0
j  javax.crypto.JarVerifier.<clinit>()V+7
v  ~StubRoutines::call_stub
j  javax.crypto.JceSecurity.loadPolicies(Ljava/io/File;Ljavax/crypto/CryptoPermissions;Ljavax/crypto/CryptoPermissions;)V+146
j  javax.crypto.JceSecurity.setupJurisdictionPolicies()V+130
j  javax.crypto.JceSecurity.access$000()V+0
j  javax.crypto.JceSecurity$1.run()Ljava/lang/Object;+0
v  ~StubRoutines::call_stub
j  java.security.AccessController.doPrivileged(Ljava/security/PrivilegedExceptionAction;)Ljava/lang/Object;+0
j  javax.crypto.JceSecurity.<clinit>()V+49
v  ~StubRoutines::call_stub
j  javax.crypto.KeyAgreement.getInstance(Ljava/lang/String;)Ljavax/crypto/KeyAgreement;+37
j  sun.security.ssl.JsseJce.getKeyAgreement(Ljava/lang/String;)Ljavax/crypto/KeyAgreement;+7
j  sun.security.ssl.JsseJce.isEcAvailable()Z+20
j  sun.security.ssl.CipherSuite$KeyExchange.isAvailable()Z+28
j  sun.security.ssl.CipherSuite.isAvailable()Z+11
j  sun.security.ssl.SSLContextImpl.getApplicableCipherSuiteList(Lsun/security/ssl/ProtocolList;Z)Lsun/security/ssl/CipherSuiteList;+105
j  sun.security.ssl.SSLContextImpl.getDefaultCipherSuiteList(Z)Lsun/security/ssl/CipherSuiteList;+55
j  sun.security.ssl.SSLSocketImpl.init(Lsun/security/ssl/SSLContextImpl;Z)V+88
j  sun.security.ssl.SSLSocketImpl.<init>(Lsun/security/ssl/SSLContextImpl;Ljava/net/Socket;Ljava/lang/String;IZ)V+105
j  sun.security.ssl.SSLSocketFactoryImpl.createSocket(Ljava/net/Socket;Ljava/lang/String;IZ)Ljava/net/Socket;+13
j  org.apache.http.conn.ssl.SSLConnectionSocketFactory.createLayeredSocket(Ljava/net/Socket;Ljava/lang/String;ILorg/apache/http/protocol/HttpContext;)Ljava/net/Socket;+8
j  org.apache.http.conn.ssl.SSLConnectionSocketFactory.connectSocket(ILjava/net/Socket;Lorg/apache/http/HttpHost;Ljava/net/InetSocketAddress;Ljava/net/InetSocketAddress;Lorg/apache/http/protocol/HttpContext;)Ljava/net/Socket;+116
j  org.apache.http.impl.conn.HttpClientConnectionOperator.connect(Lorg/apache/http/conn/ManagedHttpClientConnection;Lorg/apache/http/HttpHost;Ljava/net/InetSocketAddress;ILorg/apache/http/config/SocketConfig;Lorg/apache/http/protocol/HttpContext;)V+226
j  org.apache.http.impl.conn.PoolingHttpClientConnectionManager.connect(Lorg/apache/http/HttpClientConnection;Lorg/apache/http/conn/routing/HttpRoute;ILorg/apache/http/protocol/HttpContext;)V+127
j  org.apache.http.impl.execchain.MainClientExec.establishRoute(Lorg/apache/http/auth/AuthState;Lorg/apache/http/HttpClientConnection;Lorg/apache/http/conn/routing/HttpRoute;Lorg/apache/http/HttpRequest;Lorg/apache/http/client/protocol/HttpClientContext;)V+107
j  org.apache.http.impl.execchain.MainClientExec.execute(Lorg/apache/http/conn/routing/HttpRoute;Lorg/apache/http/client/methods/HttpRequestWrapper;Lorg/apache/http/client/protocol/HttpClientContext;Lorg/apache/http/client/methods/HttpExecutionAware;)Lorg/apache/http/client/methods/CloseableHttpResponse;+438
j  org.apache.http.impl.execchain.ProtocolExec.execute(Lorg/apache/http/conn/routing/HttpRoute;Lorg/apache/http/client/methods/HttpRequestWrapper;Lorg/apache/http/client/protocol/HttpClientContext;Lorg/apache/http/client/methods/HttpExecutionAware;)Lorg/apache/http/client/methods/CloseableHttpResponse;+436
j  org.apache.http.impl.execchain.RetryExec.execute(Lorg/apache/http/conn/routing/HttpRoute;Lorg/apache/http/client/methods/HttpRequestWrapper;Lorg/apache/http/client/protocol/HttpClientContext;Lorg/apache/http/client/methods/HttpExecutionAware;)Lorg/apache/http/client/methods/CloseableHttpResponse;+39
j  org.apache.http.impl.execchain.RedirectExec.execute(Lorg/apache/http/conn/routing/HttpRoute;Lorg/apache/http/client/methods/HttpRequestWrapper;Lorg/apache/http/client/protocol/HttpClientContext;Lorg/apache/http/client/methods/HttpExecutionAware;)Lorg/apache/http/client/methods/CloseableHttpResponse;+85
j  org.apache.http.impl.client.InternalHttpClient.doExecute(Lorg/apache/http/HttpHost;Lorg/apache/http/HttpRequest;Lorg/apache/http/protocol/HttpContext;)Lorg/apache/http/client/methods/CloseableHttpResponse;+167
j  org.apache.http.impl.client.CloseableHttpClient.execute(Lorg/apache/http/client/methods/HttpUriRequest;Lorg/apache/http/protocol/HttpContext;)Lorg/apache/http/client/methods/CloseableHttpResponse;+14
j  org.apache.maven.wagon.providers.http.AbstractHttpClientWagon.execute(Lorg/apache/http/client/methods/HttpUriRequest;)Lorg/apache/http/client/methods/CloseableHttpResponse;+426
j  org.apache.maven.wagon.providers.http.AbstractHttpClientWagon.fillInputData(ILorg/apache/maven/wagon/InputData;)V+181
j  org.apache.maven.wagon.providers.http.AbstractHttpClientWagon.fillInputData(Lorg/apache/maven/wagon/InputData;)V+6
j  org.apache.maven.wagon.StreamWagon.getInputStream(Lorg/apache/maven/wagon/resource/Resource;)Ljava/io/InputStream;+15
j  org.apache.maven.wagon.StreamWagon.getIfNewer(Ljava/lang/String;Ljava/io/File;J)Z+29
j  org.apache.maven.wagon.StreamWagon.get(Ljava/lang/String;Ljava/io/File;)V+4
j  org.sonatype.aether.connector.wagon.WagonRepositoryConnector$GetTask.run()V+285
j  org.sonatype.aether.util.concurrency.RunnableErrorForwarder$1.run()V+4
j  java.util.concurrent.ThreadPoolExecutor.runWorker(Ljava/util/concurrent/ThreadPoolExecutor$Worker;)V+95
j  java.util.concurrent.ThreadPoolExecutor$Worker.run()V+5
j  java.lang.Thread.run()V+11
v  ~StubRoutines::call_stub

---------------  P R O C E S S  ---------------

Java Threads: ( => current thread )
=>0x000000000f7e6000 JavaThread "pool-1-thread-1" [_thread_in_native, id=11204, stack(0x000000000e4f0000,0x000000000e5f0000)]
  0x000000000cef1000 JavaThread "Service Thread" daemon [_thread_blocked, id=8640, stack(0x000000000d6c0000,0x000000000d7c0000)]
  0x000000000ceee000 JavaThread "C2 CompilerThread1" daemon [_thread_blocked, id=956, stack(0x000000000d5c0000,0x000000000d6c0000)]
  0x000000000275d800 JavaThread "C2 CompilerThread0" daemon [_thread_blocked, id=10568, stack(0x000000000d4c0000,0x000000000d5c0000)]
  0x000000000275c800 JavaThread "Attach Listener" daemon [_thread_blocked, id=10488, stack(0x000000000d3c0000,0x000000000d4c0000)]
  0x0000000002758800 JavaThread "Signal Dispatcher" daemon [_thread_blocked, id=9864, stack(0x000000000d2c0000,0x000000000d3c0000)]
  0x000000000aef0800 JavaThread "Finalizer" daemon [_thread_blocked, id=10968, stack(0x000000000cdc0000,0x000000000cec0000)]
  0x000000000aee9800 JavaThread "Reference Handler" daemon [_thread_blocked, id=9368, stack(0x000000000ccc0000,0x000000000cdc0000)]
  0x000000000223e000 JavaThread "main" [_thread_blocked, id=9544, stack(0x0000000002560000,0x0000000002660000)]

Other Threads:
  0x000000000aee6000 VMThread [stack: 0x000000000cbc0000,0x000000000ccc0000] [id=9092]
  0x000000000cf10000 WatcherThread [stack: 0x000000000d7c0000,0x000000000d8c0000] [id=10456]

VM state:not at safepoint (normal execution)

VM Mutex/Monitor currently owned by a thread: None

Heap
 PSYoungGen      total 71680K, used 33168K [0x00000007d5c00000, 0x00000007da700000, 0x0000000800000000)
  eden space 66560K, 42% used [0x00000007d5c00000,0x00000007d7766160,0x00000007d9d00000)
  from space 5120K, 99% used [0x00000007da200000,0x00000007da6fe010,0x00000007da700000)
  to   space 5120K, 0% used [0x00000007d9d00000,0x00000007d9d00000,0x00000007da200000)
 ParOldGen       total 86528K, used 9674K [0x0000000781400000, 0x0000000786880000, 0x00000007d5c00000)
  object space 86528K, 11% used [0x0000000781400000,0x0000000781d72b40,0x0000000786880000)
 PSPermGen       total 22016K, used 21940K [0x000000077c200000, 0x000000077d780000, 0x0000000781400000)
  object space 22016K, 99% used [0x000000077c200000,0x000000077d76d110,0x000000077d780000)

Card table byte_map: [0x0000000005820000,0x0000000005c40000] byte_map_base: 0x0000000001c3f000

Polling page: 0x0000000000a40000

Code Cache  [0x0000000002760000, 0x00000000029d0000, 0x0000000005760000)
 total_blobs=832 nmethods=515 adapters=269 free_code_cache=47491Kb largest_free_block=48566656

Compilation events (10 events):
Event: 7.327 Thread 0x000000000275d800  564             java.lang.String::concat (47 bytes)
Event: 7.327 Thread 0x000000000ceee000  565             java.lang.String::getChars (16 bytes)
Event: 7.329 Thread 0x000000000ceee000 nmethod 565 0x00000000028f48d0 code [0x00000000028f4a20, 0x00000000028f4af8]
Event: 7.336 Thread 0x000000000275d800 nmethod 564 0x00000000027e3e10 code [0x00000000027e3f60, 0x00000000027e42f8]
Event: 7.380 Thread 0x000000000ceee000  566             java.io.ByteArrayOutputStream::ensureCapacity (16 bytes)
Event: 7.382 Thread 0x000000000ceee000 nmethod 566 0x00000000027e30d0 code [0x00000000027e3220, 0x00000000027e3328]
Event: 7.426 Thread 0x000000000275d800  567             java.util.Arrays::equals (54 bytes)
Event: 7.430 Thread 0x000000000275d800 nmethod 567 0x00000000028f1a50 code [0x00000000028f1b80, 0x00000000028f1d18]
Event: 7.436 Thread 0x000000000ceee000  568  s          java.io.ByteArrayOutputStream::write (32 bytes)
Event: 7.441 Thread 0x000000000ceee000 nmethod 568 0x00000000028f1310 code [0x00000000028f1460, 0x00000000028f1888]

GC Heap History (8 events):
Event: 2.160 GC heap before
{Heap before GC invocations=1 (full 0):
 PSYoungGen      total 38400K, used 33280K [0x00000007d5c00000, 0x00000007d8680000, 0x0000000800000000)
  eden space 33280K, 100% used [0x00000007d5c00000,0x00000007d7c80000,0x00000007d7c80000)
  from space 5120K, 0% used [0x00000007d8180000,0x00000007d8180000,0x00000007d8680000)
  to   space 5120K, 0% used [0x00000007d7c80000,0x00000007d7c80000,0x00000007d8180000)
 ParOldGen       total 86528K, used 0K [0x0000000781400000, 0x0000000786880000, 0x00000007d5c00000)
  object space 86528K, 0% used [0x0000000781400000,0x0000000781400000,0x0000000786880000)
 PSPermGen       total 21504K, used 10263K [0x000000077c200000, 0x000000077d700000, 0x0000000781400000)
  object space 21504K, 47% used [0x000000077c200000,0x000000077cc05c70,0x000000077d700000)
Event: 2.179 GC heap after
Heap after GC invocations=1 (full 0):
 PSYoungGen      total 38400K, used 5108K [0x00000007d5c00000, 0x00000007d8680000, 0x0000000800000000)
  eden space 33280K, 0% used [0x00000007d5c00000,0x00000007d5c00000,0x00000007d7c80000)
  from space 5120K, 99% used [0x00000007d7c80000,0x00000007d817d2a8,0x00000007d8180000)
  to   space 5120K, 0% used [0x00000007d8180000,0x00000007d8180000,0x00000007d8680000)
 ParOldGen       total 86528K, used 2153K [0x0000000781400000, 0x0000000786880000, 0x00000007d5c00000)
  object space 86528K, 2% used [0x0000000781400000,0x000000078161a6a0,0x0000000786880000)
 PSPermGen       total 21504K, used 10263K [0x000000077c200000, 0x000000077d700000, 0x0000000781400000)
  object space 21504K, 47% used [0x000000077c200000,0x000000077cc05c70,0x000000077d700000)
}
Event: 3.807 GC heap before
{Heap before GC invocations=2 (full 0):
 PSYoungGen      total 38400K, used 38388K [0x00000007d5c00000, 0x00000007d8680000, 0x0000000800000000)
  eden space 33280K, 100% used [0x00000007d5c00000,0x00000007d7c80000,0x00000007d7c80000)
  from space 5120K, 99% used [0x00000007d7c80000,0x00000007d817d2a8,0x00000007d8180000)
  to   space 5120K, 0% used [0x00000007d8180000,0x00000007d8180000,0x00000007d8680000)
 ParOldGen       total 86528K, used 2153K [0x0000000781400000, 0x0000000786880000, 0x00000007d5c00000)
  object space 86528K, 2% used [0x0000000781400000,0x000000078161a6a0,0x0000000786880000)
 PSPermGen       total 21504K, used 15110K [0x000000077c200000, 0x000000077d700000, 0x0000000781400000)
  object space 21504K, 70% used [0x000000077c200000,0x000000077d0c1b50,0x000000077d700000)
Event: 3.836 GC heap after
Heap after GC invocations=2 (full 0):
 PSYoungGen      total 38400K, used 5112K [0x00000007d5c00000, 0x00000007da700000, 0x0000000800000000)
  eden space 33280K, 0% used [0x00000007d5c00000,0x00000007d5c00000,0x00000007d7c80000)
  from space 5120K, 99% used [0x00000007d8180000,0x00000007d867e010,0x00000007d8680000)
  to   space 5120K, 0% used [0x00000007d7c80000,0x00000007d7c80000,0x00000007d8180000)
 ParOldGen       total 86528K, used 3876K [0x0000000781400000, 0x0000000786880000, 0x00000007d5c00000)
  object space 86528K, 4% used [0x0000000781400000,0x00000007817c93f8,0x0000000786880000)
 PSPermGen       total 21504K, used 15110K [0x000000077c200000, 0x000000077d700000, 0x0000000781400000)
  object space 21504K, 70% used [0x000000077c200000,0x000000077d0c1b50,0x000000077d700000)
}
Event: 4.865 GC heap before
{Heap before GC invocations=3 (full 0):
 PSYoungGen      total 38400K, used 38392K [0x00000007d5c00000, 0x00000007da700000, 0x0000000800000000)
  eden space 33280K, 100% used [0x00000007d5c00000,0x00000007d7c80000,0x00000007d7c80000)
  from space 5120K, 99% used [0x00000007d8180000,0x00000007d867e010,0x00000007d8680000)
  to   space 5120K, 0% used [0x00000007d7c80000,0x00000007d7c80000,0x00000007d8180000)
 ParOldGen       total 86528K, used 3876K [0x0000000781400000, 0x0000000786880000, 0x00000007d5c00000)
  object space 86528K, 4% used [0x0000000781400000,0x00000007817c93f8,0x0000000786880000)
 PSPermGen       total 21504K, used 16672K [0x000000077c200000, 0x000000077d700000, 0x0000000781400000)
  object space 21504K, 77% used [0x000000077c200000,0x000000077d248158,0x000000077d700000)
Event: 4.883 GC heap after
Heap after GC invocations=3 (full 0):
 PSYoungGen      total 38400K, used 5088K [0x00000007d5c00000, 0x00000007da700000, 0x0000000800000000)
  eden space 33280K, 0% used [0x00000007d5c00000,0x00000007d5c00000,0x00000007d7c80000)
  from space 5120K, 99% used [0x00000007d7c80000,0x00000007d8178030,0x00000007d8180000)
  to   space 5120K, 0% used [0x00000007da200000,0x00000007da200000,0x00000007da700000)
 ParOldGen       total 86528K, used 5592K [0x0000000781400000, 0x0000000786880000, 0x00000007d5c00000)
  object space 86528K, 6% used [0x0000000781400000,0x0000000781976108,0x0000000786880000)
 PSPermGen       total 21504K, used 16672K [0x000000077c200000, 0x000000077d700000, 0x0000000781400000)
  object space 21504K, 77% used [0x000000077c200000,0x000000077d248158,0x000000077d700000)
}
Event: 6.420 GC heap before
{Heap before GC invocations=4 (full 0):
 PSYoungGen      total 38400K, used 38368K [0x00000007d5c00000, 0x00000007da700000, 0x0000000800000000)
  eden space 33280K, 100% used [0x00000007d5c00000,0x00000007d7c80000,0x00000007d7c80000)
  from space 5120K, 99% used [0x00000007d7c80000,0x00000007d8178030,0x00000007d8180000)
  to   space 5120K, 0% used [0x00000007da200000,0x00000007da200000,0x00000007da700000)
 ParOldGen       total 86528K, used 5592K [0x0000000781400000, 0x0000000786880000, 0x00000007d5c00000)
  object space 86528K, 6% used [0x0000000781400000,0x0000000781976108,0x0000000786880000)
 PSPermGen       total 21504K, used 20606K [0x000000077c200000, 0x000000077d700000, 0x0000000781400000)
  object space 21504K, 95% used [0x000000077c200000,0x000000077d61fb60,0x000000077d700000)
Event: 6.442 GC heap after
Heap after GC invocations=4 (full 0):
 PSYoungGen      total 71680K, used 5112K [0x00000007d5c00000, 0x00000007da700000, 0x0000000800000000)
  eden space 66560K, 0% used [0x00000007d5c00000,0x00000007d5c00000,0x00000007d9d00000)
  from space 5120K, 99% used [0x00000007da200000,0x00000007da6fe010,0x00000007da700000)
  to   space 5120K, 0% used [0x00000007d9d00000,0x00000007d9d00000,0x00000007da200000)
 ParOldGen       total 86528K, used 9674K [0x0000000781400000, 0x0000000786880000, 0x00000007d5c00000)
  object space 86528K, 11% used [0x0000000781400000,0x0000000781d72b40,0x0000000786880000)
 PSPermGen       total 21504K, used 20606K [0x000000077c200000, 0x000000077d700000, 0x0000000781400000)
  object space 21504K, 95% used [0x000000077c200000,0x000000077d61fb60,0x000000077d700000)
}

Deoptimization events (10 events):
Event: 6.841 Thread 0x000000000223e000 Uncommon trap: reason=bimorphic action=maybe_recompile pc=0x00000000028c7690 method=java.util.AbstractCollection.isEmpty()Z @ 1
Event: 6.883 Thread 0x000000000223e000 Uncommon trap: reason=unreached action=reinterpret pc=0x000000000283ee58 method=java.util.HashMap.get(Ljava/lang/Object;)Ljava/lang/Object; @ 1
Event: 6.883 Thread 0x000000000223e000 Uncommon trap: reason=unreached action=reinterpret pc=0x00000000027fd0f8 method=java.util.HashMap.put(Ljava/lang/Object;Ljava/lang/Object;)Ljava/lang/Object; @ 19
Event: 6.889 Thread 0x000000000223e000 Uncommon trap: reason=unreached action=reinterpret pc=0x00000000027d32dc method=java.lang.Integer.parseInt(Ljava/lang/String;I)I @ 1
Event: 7.275 Thread 0x000000000f7e6000 Uncommon trap: reason=class_check action=maybe_recompile pc=0x00000000028fadd8 method=java.util.AbstractList$Itr.hasNext()Z @ 8
Event: 7.364 Thread 0x000000000f7e6000 Uncommon trap: reason=class_check action=maybe_recompile pc=0x00000000028f0028 method=java.util.Hashtable.get(Ljava/lang/Object;)Ljava/lang/Object; @ 46
Event: 7.364 Thread 0x000000000f7e6000 Uncommon trap: reason=unreached action=reinterpret pc=0x0000000002817418 method=java.lang.Class.getName()Ljava/lang/String; @ 6
Event: 7.423 Thread 0x000000000f7e6000 Uncommon trap: reason=class_check action=maybe_recompile pc=0x00000000028fadd8 method=java.util.AbstractList$Itr.hasNext()Z @ 8
Event: 7.426 Thread 0x000000000f7e6000 Uncommon trap: reason=class_check action=maybe_recompile pc=0x00000000028e510c method=java.util.Arrays.copyOf([Ljava/lang/Object;ILjava/lang/Class;)[Ljava/lang/Object; @ 25
Event: 7.427 Thread 0x000000000f7e6000 Uncommon trap: reason=class_check action=maybe_recompile pc=0x00000000028e510c method=java.util.Arrays.copyOf([Ljava/lang/Object;ILjava/lang/Class;)[Ljava/lang/Object; @ 25

Internal exceptions (10 events):
Event: 7.361 Thread 0x000000000f7e6000 Threw 0x00000007d763a770 at C:\re\jdk7u75\1940\hotspot\src\share\vm\prims\jvm.cpp:1281
Event: 7.362 Thread 0x000000000f7e6000 Threw 0x00000007d763ffc0 at C:\re\jdk7u75\1940\hotspot\src\share\vm\prims\jvm.cpp:1281
Event: 7.363 Thread 0x000000000f7e6000 Threw 0x00000007d76455c8 at C:\re\jdk7u75\1940\hotspot\src\share\vm\prims\jvm.cpp:1281
Event: 7.364 Thread 0x000000000f7e6000 Threw 0x00000007d764d810 at C:\re\jdk7u75\1940\hotspot\src\share\vm\prims\jvm.cpp:1281
Event: 7.366 Thread 0x000000000f7e6000 Threw 0x00000007d7652020 at C:\re\jdk7u75\1940\hotspot\src\share\vm\prims\jvm.cpp:1281
Event: 7.384 Thread 0x000000000f7e6000 Threw 0x00000007d7680f48 at C:\re\jdk7u75\1940\hotspot\src\share\vm\prims\jvm.cpp:1281
Event: 7.385 Thread 0x000000000f7e6000 Threw 0x00000007d7685708 at C:\re\jdk7u75\1940\hotspot\src\share\vm\prims\jvm.cpp:1281
Event: 7.386 Thread 0x000000000f7e6000 Threw 0x00000007d7687b40 at C:\re\jdk7u75\1940\hotspot\src\share\vm\prims\jvm.cpp:1281
Event: 7.388 Thread 0x000000000f7e6000 Threw 0x00000007d768d970 at C:\re\jdk7u75\1940\hotspot\src\share\vm\prims\jvm.cpp:1281
Event: 7.388 Thread 0x000000000f7e6000 Threw 0x00000007d7690ec8 at C:\re\jdk7u75\1940\hotspot\src\share\vm\prims\jvm.cpp:1281

Events (10 events):
Event: 7.433 loading class 0x0000000010398f00
Event: 7.434 loading class 0x0000000010398f00 done
Event: 7.434 loading class 0x000000000fa2f4f0
Event: 7.434 loading class 0x000000000fa2f4f0 done
Event: 7.439 loading class 0x000000000fe0b000
Event: 7.440 loading class 0x000000000fe0b000 done
Event: 7.441 loading class 0x000000000fa30780
Event: 7.442 loading class 0x000000000fa30780 done
Event: 7.442 loading class 0x000000000fa30710
Event: 7.442 loading class 0x000000000fa30710 done


Dynamic libraries:
0x00007ff6996f0000 - 0x00007ff699723000 	C:\Program Files\Java\jdk1.7.0_75\bin\java.exe
0x00007fff72480000 - 0x00007fff7262c000 	C:\Windows\SYSTEM32\ntdll.dll
0x00007fff70300000 - 0x00007fff7043e000 	C:\Windows\system32\KERNEL32.DLL
0x00007fff6f6a0000 - 0x00007fff6f7b5000 	C:\Windows\system32\KERNELBASE.dll
0x00007fff6c640000 - 0x00007fff6c6ce000 	C:\Windows\system32\apphelp.dll
0x00007fff62340000 - 0x00007fff62393000 	C:\Windows\AppPatch\AppPatch64\AcGenral.DLL
0x00007fff70450000 - 0x00007fff704fa000 	C:\Windows\system32\msvcrt.dll
0x00007fff6f400000 - 0x00007fff6f42e000 	C:\Windows\SYSTEM32\SspiCli.dll
0x00007fff70a90000 - 0x00007fff70ae4000 	C:\Windows\system32\SHLWAPI.dll
0x00007fff6fb00000 - 0x00007fff6fc77000 	C:\Windows\system32\USER32.dll
0x00007fff708f0000 - 0x00007fff70a84000 	C:\Windows\system32\ole32.dll
0x00007fff70bb0000 - 0x00007fff720c8000 	C:\Windows\system32\SHELL32.dll
0x00007fff6ebd0000 - 0x00007fff6ebf1000 	C:\Windows\SYSTEM32\USERENV.dll
0x00007fff70070000 - 0x00007fff7011a000 	C:\Windows\system32\ADVAPI32.dll
0x00007fff66fd0000 - 0x00007fff66fee000 	C:\Windows\SYSTEM32\MPR.dll
0x00007fff6ff20000 - 0x00007fff70061000 	C:\Windows\system32\RPCRT4.dll
0x00007fff72340000 - 0x00007fff72399000 	C:\Windows\SYSTEM32\sechost.dll
0x00007fff6fd00000 - 0x00007fff6ff11000 	C:\Windows\SYSTEM32\combase.dll
0x00007fff70570000 - 0x00007fff706c1000 	C:\Windows\system32\GDI32.dll
0x00007fff6f5d0000 - 0x00007fff6f5e5000 	C:\Windows\SYSTEM32\profapi.dll
0x00007fff6df30000 - 0x00007fff6dfe2000 	C:\Windows\SYSTEM32\SHCORE.dll
0x00007fff70750000 - 0x00007fff70786000 	C:\Windows\system32\IMM32.DLL
0x00007fff70790000 - 0x00007fff708e2000 	C:\Windows\system32\MSCTF.dll
0x00007fff6d880000 - 0x00007fff6dafb000 	C:\Windows\WinSxS\amd64_microsoft.windows.common-controls_6595b64144ccf1df_6.0.9600.17784_none_624760d1ecb7236e\COMCTL32.dll
0x000000005b6a0000 - 0x000000005b772000 	C:\Program Files\Java\jdk1.7.0_75\jre\bin\msvcr100.dll
0x000000005aec0000 - 0x000000005b694000 	C:\Program Files\Java\jdk1.7.0_75\jre\bin\server\jvm.dll
0x00007fff69bf0000 - 0x00007fff69bf9000 	C:\Windows\SYSTEM32\WSOCK32.dll
0x00007fff6db00000 - 0x00007fff6db22000 	C:\Windows\SYSTEM32\WINMM.dll
0x00007fff706d0000 - 0x00007fff706d7000 	C:\Windows\system32\PSAPI.DLL
0x00007fff706f0000 - 0x00007fff7074a000 	C:\Windows\system32\WS2_32.dll
0x00007fff6d810000 - 0x00007fff6d83a000 	C:\Windows\SYSTEM32\WINMMBASE.dll
0x00007fff706e0000 - 0x00007fff706e9000 	C:\Windows\system32\NSI.dll
0x00007fff6f7c0000 - 0x00007fff6f80f000 	C:\Windows\SYSTEM32\cfgmgr32.dll
0x00007fff6e390000 - 0x00007fff6e3b8000 	C:\Windows\SYSTEM32\DEVOBJ.dll
0x000000005aeb0000 - 0x000000005aebf000 	C:\Program Files\Java\jdk1.7.0_75\jre\bin\verify.dll
0x000000005ae80000 - 0x000000005aea8000 	C:\Program Files\Java\jdk1.7.0_75\jre\bin\java.dll
0x000000005ae60000 - 0x000000005ae75000 	C:\Program Files\Java\jdk1.7.0_75\jre\bin\zip.dll
0x000000005ae40000 - 0x000000005ae59000 	C:\Program Files\Java\jdk1.7.0_75\jre\bin\net.dll
0x0000000180000000 - 0x0000000180078000 	C:\Windows\system32\ASProxy64.dll
0x00007fff6ee40000 - 0x00007fff6ee99000 	C:\Windows\SYSTEM32\MSWSOCK.dll
0x00007fff6e620000 - 0x00007fff6e64a000 	C:\Windows\SYSTEM32\IPHLPAPI.DLL
0x00007fff723a0000 - 0x00007fff72461000 	C:\Windows\system32\OLEAUT32.dll
0x00007fff6e610000 - 0x00007fff6e61a000 	C:\Windows\SYSTEM32\VERSION.dll
0x00007fff6e600000 - 0x00007fff6e60a000 	C:\Windows\SYSTEM32\WINNSI.DLL
0x00007fff6e3c0000 - 0x00007fff6e3cb000 	C:\Windows\SYSTEM32\kernel.appcore.dll
0x00007fff6f4a0000 - 0x00007fff6f4ab000 	C:\Windows\SYSTEM32\CRYPTBASE.dll
0x00007fff6f430000 - 0x00007fff6f493000 	C:\Windows\SYSTEM32\bcryptPrimitives.dll
0x00007fff6e1f0000 - 0x00007fff6e319000 	C:\Windows\system32\uxtheme.dll
0x00007fff72280000 - 0x00007fff72336000 	C:\Windows\SYSTEM32\clbcatq.dll
0x00007fff6eea0000 - 0x00007fff6eec0000 	C:\Windows\SYSTEM32\CRYPTSP.dll
0x00007fff6eac0000 - 0x00007fff6eaf6000 	C:\Windows\system32\rsaenh.dll
0x00007fff6f0f0000 - 0x00007fff6f116000 	C:\Windows\SYSTEM32\bcrypt.dll
0x00007fff6f4b0000 - 0x00007fff6f549000 	C:\Windows\SYSTEM32\sxs.dll
0x000000005ae20000 - 0x000000005ae31000 	C:\Program Files\Java\jdk1.7.0_75\jre\bin\nio.dll
0x000000005a810000 - 0x000000005a834000 	C:\Program Files\Java\jdk1.7.0_75\jre\bin\sunec.dll
0x000000005a800000 - 0x000000005a80b000 	C:\Program Files\Java\jdk1.7.0_75\jre\bin\sunmscapi.dll
0x00007fff6f870000 - 0x00007fff6fa4f000 	C:\Windows\system32\CRYPT32.dll
0x00007fff6f680000 - 0x00007fff6f691000 	C:\Windows\system32\MSASN1.dll
0x00007fff692d0000 - 0x00007fff692e6000 	C:\Windows\SYSTEM32\dhcpcsvc6.DLL
0x00007fff692f0000 - 0x00007fff6930a000 	C:\Windows\SYSTEM32\dhcpcsvc.DLL
0x00007fff66e20000 - 0x00007fff66e35000 	C:\Windows\system32\napinsp.dll
0x00007fff66e00000 - 0x00007fff66e1a000 	C:\Windows\system32\pnrpnsp.dll
0x00007fff6cb50000 - 0x00007fff6cb6b000 	C:\Windows\system32\NLAapi.dll
0x00007fff6ec40000 - 0x00007fff6ece4000 	C:\Windows\SYSTEM32\DNSAPI.dll
0x00007fff66df0000 - 0x00007fff66dfd000 	C:\Windows\System32\winrnr.dll
0x00007fff66dd0000 - 0x00007fff66de4000 	C:\Windows\system32\wshbth.dll
0x00007fff66d60000 - 0x00007fff66d6a000 	C:\Windows\System32\rasadhlp.dll
0x00007fff691f0000 - 0x00007fff6925b000 	C:\Windows\System32\fwpuclnt.dll
0x00007fff66e40000 - 0x00007fff66fc9000 	C:\Windows\SYSTEM32\dbghelp.dll

VM Arguments:
jvm_args: -Dclojure.compile.path=D:\project\parser\karyotype-parser/target/classes -Dleiningen.original.pwd=D:\project\parser\karyotype-parser 
java_command: clojure.main -m leiningen.core.main trampoline run -m clojure.main
Launcher Type: SUN_STANDARD

Environment Variables:
CLASSPATH=C:\Users\Fujimurasaki\.lein\self-installs\leiningen-2.5.1-standalone.jar
PATH=C:\Program Files (x86)\Intel\iCLS Client\;C:\Program Files\Intel\iCLS Client\;C:\Windows\system32;C:\Windows;C:\Windows\System32\Wbem;C:\Windows\System32\WindowsPowerShell\v1.0\;C:\Program Files (x86)\Skype\Phone\;C:\Program Files (x86)\NVIDIA Corporation\PhysX\Common;C:\Program Files\Intel\Intel(R) Management Engine Components\DAL;C:\Program Files (x86)\Intel\Intel(R) Management Engine Components\DAL;C:\Program Files\Intel\Intel(R) Management Engine Components\IPT;C:\Program Files (x86)\Intel\Intel(R) Management Engine Components\IPT;C:\Program Files\Microsoft SQL Server\110\Tools\Binn\;C:\Program Files (x86)\Microsoft SDKs\TypeScript\1.0\;C:\Program Files\Microsoft SQL Server\120\Tools\Binn\;C:\Users\Fujimurasaki\.lein\bin
USERNAME=Fujimurasaki
OS=Windows_NT
PROCESSOR_IDENTIFIER=Intel64 Family 6 Model 60 Stepping 3, GenuineIntel



---------------  S Y S T E M  ---------------

OS: Windows 8.1 , 64 bit Build 9600 

CPU:total 8 (4 cores per cpu, 2 threads per core) family 6 model 60 stepping 3, cmov, cx8, fxsr, mmx, sse, sse2, sse3, ssse3, sse4.1, sse4.2, popcnt, avx, avx2, aes, erms, ht, tsc, tscinvbit

Memory: 4k page, physical 8302828k(2860440k free), swap 12234988k(2874180k free)

vm_info: Java HotSpot(TM) 64-Bit Server VM (24.75-b04) for windows-amd64 JRE (1.7.0_75-b13), built on Dec 18 2014 17:15:01 by "java_re" with unknown MS VC++:1600

time: Sun May 31 00:09:31 2015
elapsed time: 7 seconds

