#
# A fatal error has been detected by the Java Runtime Environment:
#
#  EXCEPTION_ACCESS_VIOLATION (0xc0000005) at pc=0x00000001c48df09b, pid=9588, tid=9532
#
# JRE version: Java(TM) SE Runtime Environment (7.0_75-b13) (build 1.7.0_75-b13)
# Java VM: Java HotSpot(TM) 64-Bit Server VM (24.75-b04 mixed mode windows-amd64 compressed oops)
# Problematic frame:
# C  0x00000001c48df09b
#
# Failed to write core dump. Minidumps are not enabled by default on client versions of Windows
#
# If you would like to submit a bug report, please visit:
#   http://bugreport.sun.com/bugreport/crash.jsp
# The crash happened outside the Java Virtual Machine in native code.
# See problematic frame for where to report the bug.
#

---------------  T H R E A D  ---------------

Current thread (0x000000000f53f800):  JavaThread "pool-1-thread-1" [_thread_in_native, id=9532, stack(0x000000000e320000,0x000000000e420000)]

siginfo: ExceptionCode=0xc0000005, ExceptionInformation=0x0000000000000008 0x00000001c48df09b

Registers:
RAX=0x0000000000000000, RBX=0x000000000f53f9e8, RCX=0x000000000098b230, RDX=0x000000000e41b828
RSP=0x000000000e41b830, RBP=0x0000000000000000, RSI=0x000000000fae64f8, RDI=0x0000000000000000
R8 =0x000000018006eb38, R9 =0x0000000000008000, R10=0x000000006a416f80, R11=0x000000006a416f80
R12=0x000000000fae5608, R13=0x000000000e41ba48, R14=0x000000000276c050, R15=0x000000000000000a
RIP=0x00000001c48df09b, EFLAGS=0x0000000000010206

Top of Stack: (sp=0x000000000e41b830)
0x000000000e41b830:   0000000000000000 000000000e410078
0x000000000e41b840:   fffffffffffffffe 0000000069e42ef5
0x000000000e41b850:   000000000f53f9e8 000000018002dbf2
0x000000000e41b860:   000000018006eac0 000000000098b230
0x000000000e41b870:   000000000da47930 000000000da47930
0x000000000e41b880:   000000000f53f800 0000000000000000
0x000000000e41b890:   fffffffffffffffe 000000000fae5608
0x000000000e41b8a0:   000000000276c050 000000018002db42
0x000000000e41b8b0:   000000000098b230 000000000098b230
0x000000000e41b8c0:   000000000f53f9e8 000000006a568d94
0x000000000e41b8d0:   000000000fcce4a0 000000000fcccaa0
0x000000000e41b8e0:   000000000fae64f8 000000000fcce4a0
0x000000000e41b8f0:   000000000f53f9e8 0000000069ca3702
0x000000000e41b900:   000000000098b230 000000000f53f9e8
0x000000000e41b910:   000000000fcce4a0 000000000fae64f8
0x000000000e41b920:   0000000700000005 000000000098b230 

Instructions: (pc=0x00000001c48df09b)
0x00000001c48df07b:   
[error occurred during error reporting (printing registers, top of stack, instructions near pc), id 0xc0000005]

Register to memory mapping:

RAX=0x0000000000000000 is an unknown value
RBX=0x000000000f53f9e8 is an unknown value
RCX=0x000000000098b230 is an unknown value
RDX=0x000000000e41b828 is pointing into the stack for thread: 0x000000000f53f800
RSP=0x000000000e41b830 is pointing into the stack for thread: 0x000000000f53f800
RBP=0x0000000000000000 is an unknown value
RSI=0x000000000fae64f8 is an unknown value
RDI=0x0000000000000000 is an unknown value
R8 =0x000000018006eb38 is an unknown value
R9 =0x0000000000008000 is an unknown value
R10=0x000000006a416f80 is an unknown value
R11=0x000000006a416f80 is an unknown value
R12=0x000000000fae5608 is an unknown value
R13=0x000000000e41ba48 is pointing into the stack for thread: 0x000000000f53f800
R14=0x000000000276c050 is an unknown value
R15=0x000000000000000a is an unknown value


Stack: [0x000000000e320000,0x000000000e420000],  sp=0x000000000e41b830,  free space=1006k
Native frames: (J=compiled Java code, j=interpreted, Vv=VM code, C=native code)
C  0x00000001c48df09b

[error occurred during error reporting (printing native stack), id 0xc0000005]

Java frames: (J=compiled Java code, j=interpreted, Vv=VM code)
j  java.net.Inet6AddressImpl.lookupAllHostAddr(Ljava/lang/String;)[Ljava/net/InetAddress;+0
j  java.net.InetAddress$1.lookupAllHostAddr(Ljava/lang/String;)[Ljava/net/InetAddress;+4
j  java.net.InetAddress.getAddressesFromNameService(Ljava/lang/String;Ljava/net/InetAddress;)[Ljava/net/InetAddress;+51
j  java.net.InetAddress.getLocalHost()Ljava/net/InetAddress;+90
j  javax.crypto.JarVerifier.getSystemEntropy()[B+86
j  javax.crypto.JarVerifier.testSignatures(Ljava/security/cert/X509Certificate;Ljava/security/cert/CertificateFactory;)V+3
j  javax.crypto.JarVerifier.access$400(Ljava/security/cert/X509Certificate;Ljava/security/cert/CertificateFactory;)V+2
j  javax.crypto.JarVerifier$1.run()Ljava/lang/Void;+71
j  javax.crypto.JarVerifier$1.run()Ljava/lang/Object;+1
v  ~StubRoutines::call_stub
j  java.security.AccessController.doPrivileged(Ljava/security/PrivilegedExceptionAction;)Ljava/lang/Object;+0
j  javax.crypto.JarVerifier.<clinit>()V+7
v  ~StubRoutines::call_stub
j  javax.crypto.JceSecurity.loadPolicies(Ljava/io/File;Ljavax/crypto/CryptoPermissions;Ljavax/crypto/CryptoPermissions;)V+146
j  javax.crypto.JceSecurity.setupJurisdictionPolicies()V+130
j  javax.crypto.JceSecurity.access$000()V+0
j  javax.crypto.JceSecurity$1.run()Ljava/lang/Object;+0
v  ~StubRoutines::call_stub
j  java.security.AccessController.doPrivileged(Ljava/security/PrivilegedExceptionAction;)Ljava/lang/Object;+0
j  javax.crypto.JceSecurity.<clinit>()V+49
v  ~StubRoutines::call_stub
j  javax.crypto.KeyAgreement.getInstance(Ljava/lang/String;)Ljavax/crypto/KeyAgreement;+37
j  sun.security.ssl.JsseJce.getKeyAgreement(Ljava/lang/String;)Ljavax/crypto/KeyAgreement;+7
j  sun.security.ssl.JsseJce.isEcAvailable()Z+20
j  sun.security.ssl.CipherSuite$KeyExchange.isAvailable()Z+28
j  sun.security.ssl.CipherSuite.isAvailable()Z+11
j  sun.security.ssl.SSLContextImpl.getApplicableCipherSuiteList(Lsun/security/ssl/ProtocolList;Z)Lsun/security/ssl/CipherSuiteList;+105
j  sun.security.ssl.SSLContextImpl.getDefaultCipherSuiteList(Z)Lsun/security/ssl/CipherSuiteList;+55
j  sun.security.ssl.SSLSocketImpl.init(Lsun/security/ssl/SSLContextImpl;Z)V+88
j  sun.security.ssl.SSLSocketImpl.<init>(Lsun/security/ssl/SSLContextImpl;Ljava/net/Socket;Ljava/lang/String;IZ)V+105
j  sun.security.ssl.SSLSocketFactoryImpl.createSocket(Ljava/net/Socket;Ljava/lang/String;IZ)Ljava/net/Socket;+13
j  org.apache.http.conn.ssl.SSLConnectionSocketFactory.createLayeredSocket(Ljava/net/Socket;Ljava/lang/String;ILorg/apache/http/protocol/HttpContext;)Ljava/net/Socket;+8
j  org.apache.http.conn.ssl.SSLConnectionSocketFactory.connectSocket(ILjava/net/Socket;Lorg/apache/http/HttpHost;Ljava/net/InetSocketAddress;Ljava/net/InetSocketAddress;Lorg/apache/http/protocol/HttpContext;)Ljava/net/Socket;+116
j  org.apache.http.impl.conn.HttpClientConnectionOperator.connect(Lorg/apache/http/conn/ManagedHttpClientConnection;Lorg/apache/http/HttpHost;Ljava/net/InetSocketAddress;ILorg/apache/http/config/SocketConfig;Lorg/apache/http/protocol/HttpContext;)V+226
j  org.apache.http.impl.conn.PoolingHttpClientConnectionManager.connect(Lorg/apache/http/HttpClientConnection;Lorg/apache/http/conn/routing/HttpRoute;ILorg/apache/http/protocol/HttpContext;)V+127
j  org.apache.http.impl.execchain.MainClientExec.establishRoute(Lorg/apache/http/auth/AuthState;Lorg/apache/http/HttpClientConnection;Lorg/apache/http/conn/routing/HttpRoute;Lorg/apache/http/HttpRequest;Lorg/apache/http/client/protocol/HttpClientContext;)V+107
j  org.apache.http.impl.execchain.MainClientExec.execute(Lorg/apache/http/conn/routing/HttpRoute;Lorg/apache/http/client/methods/HttpRequestWrapper;Lorg/apache/http/client/protocol/HttpClientContext;Lorg/apache/http/client/methods/HttpExecutionAware;)Lorg/apache/http/client/methods/CloseableHttpResponse;+438
j  org.apache.http.impl.execchain.ProtocolExec.execute(Lorg/apache/http/conn/routing/HttpRoute;Lorg/apache/http/client/methods/HttpRequestWrapper;Lorg/apache/http/client/protocol/HttpClientContext;Lorg/apache/http/client/methods/HttpExecutionAware;)Lorg/apache/http/client/methods/CloseableHttpResponse;+436
j  org.apache.http.impl.execchain.RetryExec.execute(Lorg/apache/http/conn/routing/HttpRoute;Lorg/apache/http/client/methods/HttpRequestWrapper;Lorg/apache/http/client/protocol/HttpClientContext;Lorg/apache/http/client/methods/HttpExecutionAware;)Lorg/apache/http/client/methods/CloseableHttpResponse;+39
j  org.apache.http.impl.execchain.RedirectExec.execute(Lorg/apache/http/conn/routing/HttpRoute;Lorg/apache/http/client/methods/HttpRequestWrapper;Lorg/apache/http/client/protocol/HttpClientContext;Lorg/apache/http/client/methods/HttpExecutionAware;)Lorg/apache/http/client/methods/CloseableHttpResponse;+85
j  org.apache.http.impl.client.InternalHttpClient.doExecute(Lorg/apache/http/HttpHost;Lorg/apache/http/HttpRequest;Lorg/apache/http/protocol/HttpContext;)Lorg/apache/http/client/methods/CloseableHttpResponse;+167
j  org.apache.http.impl.client.CloseableHttpClient.execute(Lorg/apache/http/client/methods/HttpUriRequest;Lorg/apache/http/protocol/HttpContext;)Lorg/apache/http/client/methods/CloseableHttpResponse;+14
j  org.apache.maven.wagon.providers.http.AbstractHttpClientWagon.execute(Lorg/apache/http/client/methods/HttpUriRequest;)Lorg/apache/http/client/methods/CloseableHttpResponse;+426
j  org.apache.maven.wagon.providers.http.AbstractHttpClientWagon.fillInputData(ILorg/apache/maven/wagon/InputData;)V+181
j  org.apache.maven.wagon.providers.http.AbstractHttpClientWagon.fillInputData(Lorg/apache/maven/wagon/InputData;)V+6
j  org.apache.maven.wagon.StreamWagon.getInputStream(Lorg/apache/maven/wagon/resource/Resource;)Ljava/io/InputStream;+15
j  org.apache.maven.wagon.StreamWagon.getIfNewer(Ljava/lang/String;Ljava/io/File;J)Z+29
j  org.apache.maven.wagon.StreamWagon.get(Ljava/lang/String;Ljava/io/File;)V+4
j  org.sonatype.aether.connector.wagon.WagonRepositoryConnector$GetTask.run()V+285
j  org.sonatype.aether.util.concurrency.RunnableErrorForwarder$1.run()V+4
j  java.util.concurrent.ThreadPoolExecutor.runWorker(Ljava/util/concurrent/ThreadPoolExecutor$Worker;)V+95
j  java.util.concurrent.ThreadPoolExecutor$Worker.run()V+5
j  java.lang.Thread.run()V+11
v  ~StubRoutines::call_stub

---------------  P R O C E S S  ---------------

Java Threads: ( => current thread )
=>0x000000000f53f800 JavaThread "pool-1-thread-1" [_thread_in_native, id=9532, stack(0x000000000e320000,0x000000000e420000)]
  0x000000000cf42000 JavaThread "Service Thread" daemon [_thread_blocked, id=3796, stack(0x000000000d710000,0x000000000d810000)]
  0x000000000cf41800 JavaThread "C2 CompilerThread1" daemon [_thread_blocked, id=9644, stack(0x000000000d610000,0x000000000d710000)]
  0x00000000027ae000 JavaThread "C2 CompilerThread0" daemon [_thread_blocked, id=9596, stack(0x000000000d510000,0x000000000d610000)]
  0x00000000027ad800 JavaThread "Attach Listener" daemon [_thread_blocked, id=4448, stack(0x000000000d410000,0x000000000d510000)]
  0x00000000027a9800 JavaThread "Signal Dispatcher" daemon [_thread_blocked, id=9020, stack(0x000000000d310000,0x000000000d410000)]
  0x000000000af3f800 JavaThread "Finalizer" daemon [_thread_blocked, id=9724, stack(0x000000000ce10000,0x000000000cf10000)]
  0x000000000af39000 JavaThread "Reference Handler" daemon [_thread_blocked, id=9704, stack(0x000000000cd10000,0x000000000ce10000)]
  0x00000000026ae000 JavaThread "main" [_thread_blocked, id=9652, stack(0x0000000002520000,0x0000000002620000)]

Other Threads:
  0x000000000af35000 VMThread [stack: 0x000000000cc10000,0x000000000cd10000] [id=9512]
  0x000000000cf62000 WatcherThread [stack: 0x000000000d810000,0x000000000d910000] [id=7344]

VM state:not at safepoint (normal execution)

VM Mutex/Monitor currently owned by a thread: None

Heap
 PSYoungGen      total 38400K, used 25217K [0x00000007d5c00000, 0x00000007da700000, 0x0000000800000000)
  eden space 33280K, 60% used [0x00000007d5c00000,0x00000007d6fa23d8,0x00000007d7c80000)
  from space 5120K, 99% used [0x00000007d7c80000,0x00000007d817e030,0x00000007d8180000)
  to   space 5120K, 0% used [0x00000007da200000,0x00000007da200000,0x00000007da700000)
 ParOldGen       total 86528K, used 5465K [0x0000000781400000, 0x0000000786880000, 0x00000007d5c00000)
  object space 86528K, 6% used [0x0000000781400000,0x00000007819567a8,0x0000000786880000)
 PSPermGen       total 21504K, used 21070K [0x000000077c200000, 0x000000077d700000, 0x0000000781400000)
  object space 21504K, 97% used [0x000000077c200000,0x000000077d693b70,0x000000077d700000)

Card table byte_map: [0x0000000005870000,0x0000000005c90000] byte_map_base: 0x0000000001c8f000

Polling page: 0x0000000000a80000

Code Cache  [0x00000000027b0000, 0x0000000002a20000, 0x00000000057b0000)
 total_blobs=692 nmethods=383 adapters=261 free_code_cache=47816Kb largest_free_block=48802240

Compilation events (10 events):
Event: 4.603 Thread 0x00000000027ae000 nmethod 411 0x000000000284d210 code [0x000000000284d360, 0x000000000284d5b8]
Event: 4.603 Thread 0x00000000027ae000  414             java.nio.DirectLongBufferU::put (18 bytes)
Event: 4.603 Thread 0x000000000cf41800 nmethod 413 0x00000000028668d0 code [0x0000000002866a00, 0x0000000002866a98]
Event: 4.603 Thread 0x00000000027ae000 nmethod 414 0x000000000284ccd0 code [0x000000000284ce00, 0x000000000284ce98]
Event: 4.628 Thread 0x000000000cf41800  415             java.io.ByteArrayOutputStream::ensureCapacity (16 bytes)
Event: 4.629 Thread 0x000000000cf41800 nmethod 415 0x000000000284c950 code [0x000000000284caa0, 0x000000000284cba8]
Event: 4.650 Thread 0x00000000027ae000  416             java.util.Arrays::equals (54 bytes)
Event: 4.653 Thread 0x00000000027ae000 nmethod 416 0x000000000284dbd0 code [0x000000000284dd00, 0x000000000284de98]
Event: 4.656 Thread 0x000000000cf41800  417  s          java.io.ByteArrayOutputStream::write (32 bytes)
Event: 4.659 Thread 0x000000000cf41800 nmethod 417 0x0000000002918f10 code [0x0000000002919060, 0x0000000002919488]

GC Heap History (6 events):
Event: 1.701 GC heap before
{Heap before GC invocations=1 (full 0):
 PSYoungGen      total 38400K, used 33280K [0x00000007d5c00000, 0x00000007d8680000, 0x0000000800000000)
  eden space 33280K, 100% used [0x00000007d5c00000,0x00000007d7c80000,0x00000007d7c80000)
  from space 5120K, 0% used [0x00000007d8180000,0x00000007d8180000,0x00000007d8680000)
  to   space 5120K, 0% used [0x00000007d7c80000,0x00000007d7c80000,0x00000007d8180000)
 ParOldGen       total 86528K, used 0K [0x0000000781400000, 0x0000000786880000, 0x00000007d5c00000)
  object space 86528K, 0% used [0x0000000781400000,0x0000000781400000,0x0000000786880000)
 PSPermGen       total 21504K, used 10266K [0x000000077c200000, 0x000000077d700000, 0x0000000781400000)
  object space 21504K, 47% used [0x000000077c200000,0x000000077cc06840,0x000000077d700000)
Event: 1.716 GC heap after
Heap after GC invocations=1 (full 0):
 PSYoungGen      total 38400K, used 5118K [0x00000007d5c00000, 0x00000007d8680000, 0x0000000800000000)
  eden space 33280K, 0% used [0x00000007d5c00000,0x00000007d5c00000,0x00000007d7c80000)
  from space 5120K, 99% used [0x00000007d7c80000,0x00000007d817f9f8,0x00000007d8180000)
  to   space 5120K, 0% used [0x00000007d8180000,0x00000007d8180000,0x00000007d8680000)
 ParOldGen       total 86528K, used 2096K [0x0000000781400000, 0x0000000786880000, 0x00000007d5c00000)
  object space 86528K, 2% used [0x0000000781400000,0x000000078160c0d0,0x0000000786880000)
 PSPermGen       total 21504K, used 10266K [0x000000077c200000, 0x000000077d700000, 0x0000000781400000)
  object space 21504K, 47% used [0x000000077c200000,0x000000077cc06840,0x000000077d700000)
}
Event: 3.153 GC heap before
{Heap before GC invocations=2 (full 0):
 PSYoungGen      total 38400K, used 38398K [0x00000007d5c00000, 0x00000007d8680000, 0x0000000800000000)
  eden space 33280K, 100% used [0x00000007d5c00000,0x00000007d7c80000,0x00000007d7c80000)
  from space 5120K, 99% used [0x00000007d7c80000,0x00000007d817f9f8,0x00000007d8180000)
  to   space 5120K, 0% used [0x00000007d8180000,0x00000007d8180000,0x00000007d8680000)
 ParOldGen       total 86528K, used 2096K [0x0000000781400000, 0x0000000786880000, 0x00000007d5c00000)
  object space 86528K, 2% used [0x0000000781400000,0x000000078160c0d0,0x0000000786880000)
 PSPermGen       total 21504K, used 15113K [0x000000077c200000, 0x000000077d700000, 0x0000000781400000)
  object space 21504K, 70% used [0x000000077c200000,0x000000077d0c2668,0x000000077d700000)
Event: 3.168 GC heap after
Heap after GC invocations=2 (full 0):
 PSYoungGen      total 38400K, used 5112K [0x00000007d5c00000, 0x00000007d8680000, 0x0000000800000000)
  eden space 33280K, 0% used [0x00000007d5c00000,0x00000007d5c00000,0x00000007d7c80000)
  from space 5120K, 99% used [0x00000007d8180000,0x00000007d867e030,0x00000007d8680000)
  to   space 5120K, 0% used [0x00000007d7c80000,0x00000007d7c80000,0x00000007d8180000)
 ParOldGen       total 86528K, used 3813K [0x0000000781400000, 0x0000000786880000, 0x00000007d5c00000)
  object space 86528K, 4% used [0x0000000781400000,0x00000007817b9450,0x0000000786880000)
 PSPermGen       total 21504K, used 15113K [0x000000077c200000, 0x000000077d700000, 0x0000000781400000)
  object space 21504K, 70% used [0x000000077c200000,0x000000077d0c2668,0x000000077d700000)
}
Event: 3.951 GC heap before
{Heap before GC invocations=3 (full 0):
 PSYoungGen      total 38400K, used 38392K [0x00000007d5c00000, 0x00000007d8680000, 0x0000000800000000)
  eden space 33280K, 100% used [0x00000007d5c00000,0x00000007d7c80000,0x00000007d7c80000)
  from space 5120K, 99% used [0x00000007d8180000,0x00000007d867e030,0x00000007d8680000)
  to   space 5120K, 0% used [0x00000007d7c80000,0x00000007d7c80000,0x00000007d8180000)
 ParOldGen       total 86528K, used 3813K [0x0000000781400000, 0x0000000786880000, 0x00000007d5c00000)
  object space 86528K, 4% used [0x0000000781400000,0x00000007817b9450,0x0000000786880000)
 PSPermGen       total 21504K, used 16701K [0x000000077c200000, 0x000000077d700000, 0x0000000781400000)
  object space 21504K, 77% used [0x000000077c200000,0x000000077d24f568,0x000000077d700000)
Event: 3.967 GC heap after
Heap after GC invocations=3 (full 0):
 PSYoungGen      total 38400K, used 5112K [0x00000007d5c00000, 0x00000007da700000, 0x0000000800000000)
  eden space 33280K, 0% used [0x00000007d5c00000,0x00000007d5c00000,0x00000007d7c80000)
  from space 5120K, 99% used [0x00000007d7c80000,0x00000007d817e030,0x00000007d8180000)
  to   space 5120K, 0% used [0x00000007da200000,0x00000007da200000,0x00000007da700000)
 ParOldGen       total 86528K, used 5465K [0x0000000781400000, 0x0000000786880000, 0x00000007d5c00000)
  object space 86528K, 6% used [0x0000000781400000,0x00000007819567a8,0x0000000786880000)
 PSPermGen       total 21504K, used 16701K [0x000000077c200000, 0x000000077d700000, 0x0000000781400000)
  object space 21504K, 77% used [0x000000077c200000,0x000000077d24f568,0x000000077d700000)
}

Deoptimization events (10 events):
Event: 4.319 Thread 0x00000000026ae000 Uncommon trap: reason=unreached action=reinterpret pc=0x00000000028f6e98 method=clojure.lang.PersistentHashMap$BitmapIndexedNode.assoc(Ljava/util/concurrent/atomic/AtomicReference;IILjava/lang/Object;Ljava/lang/Object;Lclojure/lang/Box;)Lclojure/lang/Persi
Event: 4.323 Thread 0x00000000026ae000 Uncommon trap: reason=unreached action=reinterpret pc=0x00000000028b8d0c method=clojure.lang.Cons.more()Lclojure/lang/ISeq; @ 4
Event: 4.336 Thread 0x00000000026ae000 Uncommon trap: reason=unreached action=reinterpret pc=0x00000000028a26a0 method=java.lang.reflect.Method.equals(Ljava/lang/Object;)Z @ 49
Event: 4.336 Thread 0x00000000026ae000 Uncommon trap: reason=unreached action=reinterpret pc=0x000000000289f3a8 method=java.lang.reflect.Method.equals(Ljava/lang/Object;)Z @ 49
Event: 4.359 Thread 0x00000000026ae000 Uncommon trap: reason=unreached action=reinterpret pc=0x00000000028422dc method=java.net.URL.<init>(Ljava/net/URL;Ljava/lang/String;Ljava/net/URLStreamHandler;)V @ 391
Event: 4.520 Thread 0x00000000026ae000 Uncommon trap: reason=bimorphic action=maybe_recompile pc=0x00000000028b1f2c method=java.util.regex.Matcher.match(II)Z @ 86
Event: 4.525 Thread 0x00000000026ae000 Uncommon trap: reason=bimorphic action=maybe_recompile pc=0x00000000028b1f2c method=java.util.regex.Matcher.match(II)Z @ 86
Event: 4.526 Thread 0x00000000026ae000 Uncommon trap: reason=bimorphic action=maybe_recompile pc=0x00000000028b1f2c method=java.util.regex.Matcher.match(II)Z @ 86
Event: 4.527 Thread 0x00000000026ae000 Uncommon trap: reason=bimorphic action=maybe_recompile pc=0x00000000028b1f2c method=java.util.regex.Matcher.match(II)Z @ 86
Event: 4.541 Thread 0x00000000026ae000 Uncommon trap: reason=unreached action=reinterpret pc=0x00000000028a7e1c method=java.lang.Integer.parseInt(Ljava/lang/String;I)I @ 1

Internal exceptions (10 events):
Event: 4.614 Thread 0x000000000f53f800 Threw 0x00000007d6e848f0 at C:\re\jdk7u75\1940\hotspot\src\share\vm\prims\jvm.cpp:1281
Event: 4.615 Thread 0x000000000f53f800 Threw 0x00000007d6e8a140 at C:\re\jdk7u75\1940\hotspot\src\share\vm\prims\jvm.cpp:1281
Event: 4.616 Thread 0x000000000f53f800 Threw 0x00000007d6e8f748 at C:\re\jdk7u75\1940\hotspot\src\share\vm\prims\jvm.cpp:1281
Event: 4.618 Thread 0x000000000f53f800 Threw 0x00000007d6e96c60 at C:\re\jdk7u75\1940\hotspot\src\share\vm\prims\jvm.cpp:1281
Event: 4.619 Thread 0x000000000f53f800 Threw 0x00000007d6e9b470 at C:\re\jdk7u75\1940\hotspot\src\share\vm\prims\jvm.cpp:1281
Event: 4.630 Thread 0x000000000f53f800 Threw 0x00000007d6eca3f8 at C:\re\jdk7u75\1940\hotspot\src\share\vm\prims\jvm.cpp:1281
Event: 4.630 Thread 0x000000000f53f800 Threw 0x00000007d6ecebb8 at C:\re\jdk7u75\1940\hotspot\src\share\vm\prims\jvm.cpp:1281
Event: 4.631 Thread 0x000000000f53f800 Threw 0x00000007d6ed1008 at C:\re\jdk7u75\1940\hotspot\src\share\vm\prims\jvm.cpp:1281
Event: 4.632 Thread 0x000000000f53f800 Threw 0x00000007d6ed6e38 at C:\re\jdk7u75\1940\hotspot\src\share\vm\prims\jvm.cpp:1281
Event: 4.633 Thread 0x000000000f53f800 Threw 0x00000007d6eda390 at C:\re\jdk7u75\1940\hotspot\src\share\vm\prims\jvm.cpp:1281

Events (10 events):
Event: 4.654 loading class 0x000000000d2dfd20
Event: 4.654 loading class 0x000000000d2dfd20 done
Event: 4.657 loading class 0x000000000d03c560
Event: 4.658 loading class 0x000000000d03c560 done
Event: 4.658 loading class 0x000000000d2e0fb0
Event: 4.658 loading class 0x000000000d2e0fb0 done
Event: 4.658 loading class 0x000000000d2e0f40
Event: 4.658 loading class 0x000000000d2e0f40 done
Event: 4.659 Thread 0x000000000cf41800 flushing nmethod 0x00000000028a0690
Event: 4.659 Thread 0x000000000cf41800 flushing nmethod 0x00000000028a1950


Dynamic libraries:
0x00007ff6d6590000 - 0x00007ff6d65c3000 	C:\Program Files\Java\jdk1.7.0_75\bin\java.exe
0x00007fffa8e60000 - 0x00007fffa900c000 	C:\Windows\SYSTEM32\ntdll.dll
0x00007fffa8950000 - 0x00007fffa8a8e000 	C:\Windows\system32\KERNEL32.DLL
0x00007fffa6310000 - 0x00007fffa6425000 	C:\Windows\system32\KERNELBASE.dll
0x00007fffa32b0000 - 0x00007fffa333e000 	C:\Windows\system32\apphelp.dll
0x00007fff98cb0000 - 0x00007fff98d03000 	C:\Windows\AppPatch\AppPatch64\AcGenral.DLL
0x00007fffa8a90000 - 0x00007fffa8b3a000 	C:\Windows\system32\msvcrt.dll
0x00007fffa5de0000 - 0x00007fffa5e0e000 	C:\Windows\SYSTEM32\SspiCli.dll
0x00007fffa8260000 - 0x00007fffa82b4000 	C:\Windows\system32\SHLWAPI.dll
0x00007fffa80e0000 - 0x00007fffa8257000 	C:\Windows\system32\USER32.dll
0x00007fffa8480000 - 0x00007fffa8614000 	C:\Windows\system32\ole32.dll
0x00007fffa6ae0000 - 0x00007fffa7ff8000 	C:\Windows\system32\SHELL32.dll
0x00007fffa56b0000 - 0x00007fffa56d1000 	C:\Windows\SYSTEM32\USERENV.dll
0x00007fffa88a0000 - 0x00007fffa894a000 	C:\Windows\system32\ADVAPI32.dll
0x00007fff9d980000 - 0x00007fff9d99e000 	C:\Windows\SYSTEM32\MPR.dll
0x00007fffa82c0000 - 0x00007fffa8401000 	C:\Windows\system32\RPCRT4.dll
0x00007fffa6810000 - 0x00007fffa6869000 	C:\Windows\SYSTEM32\sechost.dll
0x00007fffa8b40000 - 0x00007fffa8d51000 	C:\Windows\SYSTEM32\combase.dll
0x00007fffa66a0000 - 0x00007fffa67f1000 	C:\Windows\system32\GDI32.dll
0x00007fffa5fb0000 - 0x00007fffa5fc5000 	C:\Windows\SYSTEM32\profapi.dll
0x00007fffa4910000 - 0x00007fffa49c2000 	C:\Windows\SYSTEM32\SHCORE.dll
0x00007fffa8d60000 - 0x00007fffa8d96000 	C:\Windows\system32\IMM32.DLL
0x00007fffa6540000 - 0x00007fffa6692000 	C:\Windows\system32\MSCTF.dll
0x00007fffa4260000 - 0x00007fffa44db000 	C:\Windows\WinSxS\amd64_microsoft.windows.common-controls_6595b64144ccf1df_6.0.9600.17784_none_624760d1ecb7236e\COMCTL32.dll
0x000000006a500000 - 0x000000006a5d2000 	C:\Program Files\Java\jdk1.7.0_75\jre\bin\msvcr100.dll
0x0000000069d20000 - 0x000000006a4f4000 	C:\Program Files\Java\jdk1.7.0_75\jre\bin\server\jvm.dll
0x00007fffa2a60000 - 0x00007fffa2a69000 	C:\Windows\SYSTEM32\WSOCK32.dll
0x00007fffa44e0000 - 0x00007fffa4502000 	C:\Windows\SYSTEM32\WINMM.dll
0x00007fffa6ad0000 - 0x00007fffa6ad7000 	C:\Windows\system32\PSAPI.DLL
0x00007fffa64e0000 - 0x00007fffa653a000 	C:\Windows\system32\WS2_32.dll
0x00007fffa4040000 - 0x00007fffa406a000 	C:\Windows\SYSTEM32\WINMMBASE.dll
0x00007fffa6880000 - 0x00007fffa6889000 	C:\Windows\system32\NSI.dll
0x00007fffa6430000 - 0x00007fffa647f000 	C:\Windows\SYSTEM32\cfgmgr32.dll
0x00007fffa4d50000 - 0x00007fffa4d78000 	C:\Windows\SYSTEM32\DEVOBJ.dll
0x0000000069d10000 - 0x0000000069d1f000 	C:\Program Files\Java\jdk1.7.0_75\jre\bin\verify.dll
0x0000000069ce0000 - 0x0000000069d08000 	C:\Program Files\Java\jdk1.7.0_75\jre\bin\java.dll
0x0000000069cc0000 - 0x0000000069cd5000 	C:\Program Files\Java\jdk1.7.0_75\jre\bin\zip.dll
0x0000000069ca0000 - 0x0000000069cb9000 	C:\Program Files\Java\jdk1.7.0_75\jre\bin\net.dll
0x0000000180000000 - 0x0000000180078000 	C:\Windows\system32\ASProxy64.dll
0x00007fffa5800000 - 0x00007fffa5859000 	C:\Windows\SYSTEM32\MSWSOCK.dll
0x00007fffa5000000 - 0x00007fffa502a000 	C:\Windows\SYSTEM32\IPHLPAPI.DLL
0x00007fffa8620000 - 0x00007fffa86e1000 	C:\Windows\system32\OLEAUT32.dll
0x00007fffa4ff0000 - 0x00007fffa4ffa000 	C:\Windows\SYSTEM32\VERSION.dll
0x00007fffa4fe0000 - 0x00007fffa4fea000 	C:\Windows\SYSTEM32\WINNSI.DLL
0x00007fffa4da0000 - 0x00007fffa4dab000 	C:\Windows\SYSTEM32\kernel.appcore.dll
0x00007fffa5e80000 - 0x00007fffa5e8b000 	C:\Windows\SYSTEM32\CRYPTBASE.dll
0x00007fffa5e10000 - 0x00007fffa5e73000 	C:\Windows\SYSTEM32\bcryptPrimitives.dll
0x00007fffa4bd0000 - 0x00007fffa4cf9000 	C:\Windows\system32\uxtheme.dll
0x00007fffa8da0000 - 0x00007fffa8e56000 	C:\Windows\SYSTEM32\clbcatq.dll
0x00007fffa5880000 - 0x00007fffa58a0000 	C:\Windows\SYSTEM32\CRYPTSP.dll
0x00007fffa5460000 - 0x00007fffa5496000 	C:\Windows\system32\rsaenh.dll
0x00007fffa5ad0000 - 0x00007fffa5af6000 	C:\Windows\SYSTEM32\bcrypt.dll
0x00007fffa5eb0000 - 0x00007fffa5f49000 	C:\Windows\SYSTEM32\sxs.dll
0x0000000069c80000 - 0x0000000069c91000 	C:\Program Files\Java\jdk1.7.0_75\jre\bin\nio.dll
0x0000000069c50000 - 0x0000000069c74000 	C:\Program Files\Java\jdk1.7.0_75\jre\bin\sunec.dll
0x0000000069c40000 - 0x0000000069c4b000 	C:\Program Files\Java\jdk1.7.0_75\jre\bin\sunmscapi.dll
0x00007fffa6130000 - 0x00007fffa630f000 	C:\Windows\system32\CRYPT32.dll
0x00007fffa6060000 - 0x00007fffa6071000 	C:\Windows\system32\MSASN1.dll
0x00007fffa0c70000 - 0x00007fffa0c86000 	C:\Windows\SYSTEM32\dhcpcsvc6.DLL
0x00007fffa1e50000 - 0x00007fffa1e6a000 	C:\Windows\SYSTEM32\dhcpcsvc.DLL
0x00007fff9d770000 - 0x00007fff9d785000 	C:\Windows\system32\napinsp.dll
0x00007fff9d690000 - 0x00007fff9d6aa000 	C:\Windows\system32\pnrpnsp.dll
0x00007fffa3880000 - 0x00007fffa389b000 	C:\Windows\system32\NLAapi.dll
0x00007fffa56e0000 - 0x00007fffa5784000 	C:\Windows\SYSTEM32\DNSAPI.dll
0x00007fff9d680000 - 0x00007fff9d68d000 	C:\Windows\System32\winrnr.dll
0x00007fff9d660000 - 0x00007fff9d674000 	C:\Windows\system32\wshbth.dll
0x00007fff9d650000 - 0x00007fff9d65a000 	C:\Windows\System32\rasadhlp.dll
0x00007fffa0b40000 - 0x00007fffa0bab000 	C:\Windows\System32\fwpuclnt.dll
0x00007fff9d7f0000 - 0x00007fff9d979000 	C:\Windows\SYSTEM32\dbghelp.dll

VM Arguments:
jvm_args: -Dclojure.compile.path=D:\project\parser\karyotype-parser/target/classes -Dleiningen.original.pwd=D:\project\parser\karyotype-parser 
java_command: clojure.main -m leiningen.core.main trampoline run -m clojure.main
Launcher Type: SUN_STANDARD

Environment Variables:
CLASSPATH=C:\Users\Fujimurasaki\.lein\self-installs\leiningen-2.5.1-standalone.jar
PATH=C:\Program Files (x86)\Intel\iCLS Client\;C:\Program Files\Intel\iCLS Client\;C:\Windows\system32;C:\Windows;C:\Windows\System32\Wbem;C:\Windows\System32\WindowsPowerShell\v1.0\;C:\Program Files (x86)\Skype\Phone\;C:\Program Files (x86)\NVIDIA Corporation\PhysX\Common;C:\Program Files\Intel\Intel(R) Management Engine Components\DAL;C:\Program Files (x86)\Intel\Intel(R) Management Engine Components\DAL;C:\Program Files\Intel\Intel(R) Management Engine Components\IPT;C:\Program Files (x86)\Intel\Intel(R) Management Engine Components\IPT;C:\Program Files\Microsoft SQL Server\110\Tools\Binn\;C:\Program Files (x86)\Microsoft SDKs\TypeScript\1.0\;C:\Program Files\Microsoft SQL Server\120\Tools\Binn\;C:\Users\Fujimurasaki\.lein\bin
USERNAME=Fujimurasaki
OS=Windows_NT
PROCESSOR_IDENTIFIER=Intel64 Family 6 Model 60 Stepping 3, GenuineIntel



---------------  S Y S T E M  ---------------

OS: Windows 8.1 , 64 bit Build 9600 

CPU:total 8 (4 cores per cpu, 2 threads per core) family 6 model 60 stepping 3, cmov, cx8, fxsr, mmx, sse, sse2, sse3, ssse3, sse4.1, sse4.2, popcnt, avx, avx2, aes, erms, ht, tsc, tscinvbit

Memory: 4k page, physical 8302828k(5245216k free), swap 12366060k(8704180k free)

vm_info: Java HotSpot(TM) 64-Bit Server VM (24.75-b04) for windows-amd64 JRE (1.7.0_75-b13), built on Dec 18 2014 17:15:01 by "java_re" with unknown MS VC++:1600

time: Sat May 30 14:28:45 2015
elapsed time: 4 seconds

